{"/usr/src/app/src/app.js": {"path":"/usr/src/app/src/app.js","statementMap":{"0":{"start":{"line":1,"column":16},"end":{"line":1,"column":34}},"1":{"start":{"line":2,"column":15},"end":{"line":2,"column":32}},"2":{"start":{"line":3,"column":13},"end":{"line":3,"column":28}},"3":{"start":{"line":4,"column":12},"end":{"line":4,"column":26}},"4":{"start":{"line":5,"column":18},"end":{"line":5,"column":47}},"5":{"start":{"line":6,"column":22},"end":{"line":6,"column":45}},"6":{"start":{"line":7,"column":28},"end":{"line":7,"column":61}},"7":{"start":{"line":8,"column":32},"end":{"line":8,"column":69}},"8":{"start":{"line":9,"column":21},"end":{"line":9,"column":57}},"9":{"start":{"line":10,"column":15},"end":{"line":10,"column":34}},"10":{"start":{"line":11,"column":22},"end":{"line":11,"column":55}},"11":{"start":{"line":13,"column":18},"end":{"line":66,"column":1}},"12":{"start":{"line":14,"column":14},"end":{"line":14,"column":23}},"13":{"start":{"line":15,"column":17},"end":{"line":15,"column":28}},"14":{"start":{"line":19,"column":2},"end":{"line":19,"column":20}},"15":{"start":{"line":22,"column":2},"end":{"line":28,"column":6}},"16":{"start":{"line":31,"column":2},"end":{"line":31,"column":17}},"17":{"start":{"line":34,"column":2},"end":{"line":44,"column":6}},"18":{"start":{"line":47,"column":2},"end":{"line":47,"column":43}},"19":{"start":{"line":48,"column":2},"end":{"line":48,"column":66}},"20":{"start":{"line":51,"column":2},"end":{"line":51,"column":31}},"21":{"start":{"line":52,"column":2},"end":{"line":52,"column":35}},"22":{"start":{"line":55,"column":2},"end":{"line":55,"column":18}},"23":{"start":{"line":58,"column":2},"end":{"line":60,"column":5}},"24":{"start":{"line":59,"column":4},"end":{"line":59,"column":50}},"25":{"start":{"line":63,"column":2},"end":{"line":63,"column":24}},"26":{"start":{"line":65,"column":2},"end":{"line":65,"column":13}},"27":{"start":{"line":68,"column":0},"end":{"line":68,"column":27}}},"fnMap":{"0":{"name":"(anonymous_0)","decl":{"start":{"line":13,"column":18},"end":{"line":13,"column":19}},"loc":{"start":{"line":13,"column":24},"end":{"line":66,"column":1}},"line":13},"1":{"name":"(anonymous_1)","decl":{"start":{"line":58,"column":10},"end":{"line":58,"column":11}},"loc":{"start":{"line":58,"column":25},"end":{"line":60,"column":3}},"line":58}},"branchMap":{},"s":{"0":1,"1":1,"2":1,"3":1,"4":1,"5":1,"6":1,"7":1,"8":1,"9":1,"10":1,"11":1,"12":1,"13":1,"14":1,"15":1,"16":1,"17":1,"18":1,"19":1,"20":1,"21":1,"22":1,"23":1,"24":0,"25":1,"26":1,"27":1},"f":{"0":1,"1":0},"b":{},"_coverageSchema":"1a1c01bbd47fc00a2c39e90264f33305004495a9","hash":"5969d5a8dc70dcb2154257c2ad8b1a53f5c41824"}
,"/usr/src/app/src/controllers/health.controller.js": {"path":"/usr/src/app/src/controllers/health.controller.js","statementMap":{"0":{"start":{"line":1,"column":27},"end":{"line":1,"column":56}},"1":{"start":{"line":2,"column":35},"end":{"line":2,"column":69}},"2":{"start":{"line":8,"column":18},"end":{"line":24,"column":1}},"3":{"start":{"line":9,"column":2},"end":{"line":23,"column":3}},"4":{"start":{"line":10,"column":24},"end":{"line":10,"column":46}},"5":{"start":{"line":12,"column":19},"end":{"line":17,"column":5}},"6":{"start":{"line":19,"column":23},"end":{"line":19,"column":46}},"7":{"start":{"line":20,"column":4},"end":{"line":20,"column":48}},"8":{"start":{"line":22,"column":4},"end":{"line":22,"column":58}},"9":{"start":{"line":26,"column":0},"end":{"line":26,"column":31}}},"fnMap":{"0":{"name":"(anonymous_0)","decl":{"start":{"line":8,"column":18},"end":{"line":8,"column":19}},"loc":{"start":{"line":8,"column":39},"end":{"line":24,"column":1}},"line":8}},"branchMap":{"0":{"loc":{"start":{"line":13,"column":14},"end":{"line":13,"column":45}},"type":"cond-expr","locations":[{"start":{"line":13,"column":28},"end":{"line":13,"column":32}},{"start":{"line":13,"column":35},"end":{"line":13,"column":45}}],"line":13},"1":{"loc":{"start":{"line":14,"column":16},"end":{"line":14,"column":43}},"type":"cond-expr","locations":[{"start":{"line":14,"column":30},"end":{"line":14,"column":34}},{"start":{"line":14,"column":37},"end":{"line":14,"column":43}}],"line":14},"2":{"loc":{"start":{"line":19,"column":23},"end":{"line":19,"column":46}},"type":"cond-expr","locations":[{"start":{"line":19,"column":37},"end":{"line":19,"column":40}},{"start":{"line":19,"column":43},"end":{"line":19,"column":46}}],"line":19}},"s":{"0":1,"1":1,"2":1,"3":2,"4":2,"5":2,"6":2,"7":2,"8":0,"9":1},"f":{"0":2},"b":{"0":[1,1],"1":[1,1],"2":[1,1]},"_coverageSchema":"1a1c01bbd47fc00a2c39e90264f33305004495a9","hash":"fbf0ddb36f9f2e7c4814a5096cd36afb77fb775b"}
,"/usr/src/app/src/controllers/task.controller.js": {"path":"/usr/src/app/src/controllers/task.controller.js","statementMap":{"0":{"start":{"line":1,"column":18},"end":{"line":1,"column":49}},"1":{"start":{"line":2,"column":35},"end":{"line":2,"column":69}},"2":{"start":{"line":3,"column":15},"end":{"line":3,"column":41}},"3":{"start":{"line":14,"column":19},"end":{"line":28,"column":1}},"4":{"start":{"line":15,"column":2},"end":{"line":27,"column":3}},"5":{"start":{"line":16,"column":28},"end":{"line":16,"column":60}},"6":{"start":{"line":18,"column":4},"end":{"line":21,"column":5}},"7":{"start":{"line":19,"column":6},"end":{"line":19,"column":96}},"8":{"start":{"line":20,"column":6},"end":{"line":20,"column":62}},"9":{"start":{"line":23,"column":4},"end":{"line":23,"column":79}},"10":{"start":{"line":24,"column":4},"end":{"line":24,"column":39}},"11":{"start":{"line":26,"column":4},"end":{"line":26,"column":14}},"12":{"start":{"line":34,"column":20},"end":{"line":47,"column":1}},"13":{"start":{"line":35,"column":2},"end":{"line":46,"column":3}},"14":{"start":{"line":36,"column":28},"end":{"line":36,"column":53}},"15":{"start":{"line":38,"column":4},"end":{"line":41,"column":5}},"16":{"start":{"line":39,"column":6},"end":{"line":39,"column":96}},"17":{"start":{"line":40,"column":6},"end":{"line":40,"column":62}},"18":{"start":{"line":43,"column":4},"end":{"line":43,"column":34}},"19":{"start":{"line":45,"column":4},"end":{"line":45,"column":14}},"20":{"start":{"line":53,"column":20},"end":{"line":73,"column":1}},"21":{"start":{"line":54,"column":2},"end":{"line":72,"column":3}},"22":{"start":{"line":55,"column":19},"end":{"line":55,"column":29}},"23":{"start":{"line":58,"column":23},"end":{"line":58,"column":57}},"24":{"start":{"line":59,"column":4},"end":{"line":61,"column":5}},"25":{"start":{"line":60,"column":6},"end":{"line":60,"column":111}},"26":{"start":{"line":63,"column":28},"end":{"line":63,"column":56}},"27":{"start":{"line":65,"column":4},"end":{"line":67,"column":5}},"28":{"start":{"line":66,"column":6},"end":{"line":66,"column":55}},"29":{"start":{"line":69,"column":4},"end":{"line":69,"column":34}},"30":{"start":{"line":71,"column":4},"end":{"line":71,"column":14}},"31":{"start":{"line":79,"column":19},"end":{"line":112,"column":1}},"32":{"start":{"line":80,"column":2},"end":{"line":111,"column":3}},"33":{"start":{"line":81,"column":19},"end":{"line":81,"column":29}},"34":{"start":{"line":84,"column":23},"end":{"line":84,"column":57}},"35":{"start":{"line":85,"column":4},"end":{"line":87,"column":5}},"36":{"start":{"line":86,"column":6},"end":{"line":86,"column":111}},"37":{"start":{"line":90,"column":49},"end":{"line":90,"column":77}},"38":{"start":{"line":91,"column":4},"end":{"line":93,"column":5}},"39":{"start":{"line":92,"column":6},"end":{"line":92,"column":55}},"40":{"start":{"line":96,"column":4},"end":{"line":98,"column":5}},"41":{"start":{"line":97,"column":6},"end":{"line":97,"column":66}},"42":{"start":{"line":100,"column":28},"end":{"line":100,"column":64}},"43":{"start":{"line":102,"column":4},"end":{"line":105,"column":5}},"44":{"start":{"line":103,"column":6},"end":{"line":103,"column":108}},"45":{"start":{"line":104,"column":6},"end":{"line":104,"column":62}},"46":{"start":{"line":107,"column":4},"end":{"line":107,"column":74}},"47":{"start":{"line":108,"column":4},"end":{"line":108,"column":34}},"48":{"start":{"line":110,"column":4},"end":{"line":110,"column":14}},"49":{"start":{"line":118,"column":19},"end":{"line":146,"column":1}},"50":{"start":{"line":119,"column":2},"end":{"line":145,"column":3}},"51":{"start":{"line":120,"column":19},"end":{"line":120,"column":29}},"52":{"start":{"line":123,"column":23},"end":{"line":123,"column":57}},"53":{"start":{"line":124,"column":4},"end":{"line":126,"column":5}},"54":{"start":{"line":125,"column":6},"end":{"line":125,"column":111}},"55":{"start":{"line":129,"column":49},"end":{"line":129,"column":77}},"56":{"start":{"line":130,"column":4},"end":{"line":132,"column":5}},"57":{"start":{"line":131,"column":6},"end":{"line":131,"column":55}},"58":{"start":{"line":134,"column":22},"end":{"line":134,"column":48}},"59":{"start":{"line":136,"column":4},"end":{"line":139,"column":5}},"60":{"start":{"line":137,"column":6},"end":{"line":137,"column":108}},"61":{"start":{"line":138,"column":6},"end":{"line":138,"column":62}},"62":{"start":{"line":141,"column":4},"end":{"line":141,"column":74}},"63":{"start":{"line":142,"column":4},"end":{"line":142,"column":70}},"64":{"start":{"line":144,"column":4},"end":{"line":144,"column":14}},"65":{"start":{"line":148,"column":0},"end":{"line":154,"column":2}}},"fnMap":{"0":{"name":"(anonymous_0)","decl":{"start":{"line":14,"column":19},"end":{"line":14,"column":20}},"loc":{"start":{"line":14,"column":45},"end":{"line":28,"column":1}},"line":14},"1":{"name":"(anonymous_1)","decl":{"start":{"line":34,"column":20},"end":{"line":34,"column":21}},"loc":{"start":{"line":34,"column":46},"end":{"line":47,"column":1}},"line":34},"2":{"name":"(anonymous_2)","decl":{"start":{"line":53,"column":20},"end":{"line":53,"column":21}},"loc":{"start":{"line":53,"column":46},"end":{"line":73,"column":1}},"line":53},"3":{"name":"(anonymous_3)","decl":{"start":{"line":79,"column":19},"end":{"line":79,"column":20}},"loc":{"start":{"line":79,"column":45},"end":{"line":112,"column":1}},"line":79},"4":{"name":"(anonymous_4)","decl":{"start":{"line":118,"column":19},"end":{"line":118,"column":20}},"loc":{"start":{"line":118,"column":45},"end":{"line":146,"column":1}},"line":118}},"branchMap":{"0":{"loc":{"start":{"line":18,"column":4},"end":{"line":21,"column":5}},"type":"if","locations":[{"start":{"line":18,"column":4},"end":{"line":21,"column":5}},{"start":{},"end":{}}],"line":18},"1":{"loc":{"start":{"line":38,"column":4},"end":{"line":41,"column":5}},"type":"if","locations":[{"start":{"line":38,"column":4},"end":{"line":41,"column":5}},{"start":{},"end":{}}],"line":38},"2":{"loc":{"start":{"line":59,"column":4},"end":{"line":61,"column":5}},"type":"if","locations":[{"start":{"line":59,"column":4},"end":{"line":61,"column":5}},{"start":{},"end":{}}],"line":59},"3":{"loc":{"start":{"line":65,"column":4},"end":{"line":67,"column":5}},"type":"if","locations":[{"start":{"line":65,"column":4},"end":{"line":67,"column":5}},{"start":{},"end":{}}],"line":65},"4":{"loc":{"start":{"line":65,"column":8},"end":{"line":65,"column":22}},"type":"binary-expr","locations":[{"start":{"line":65,"column":8},"end":{"line":65,"column":13}},{"start":{"line":65,"column":17},"end":{"line":65,"column":22}}],"line":65},"5":{"loc":{"start":{"line":85,"column":4},"end":{"line":87,"column":5}},"type":"if","locations":[{"start":{"line":85,"column":4},"end":{"line":87,"column":5}},{"start":{},"end":{}}],"line":85},"6":{"loc":{"start":{"line":91,"column":4},"end":{"line":93,"column":5}},"type":"if","locations":[{"start":{"line":91,"column":4},"end":{"line":93,"column":5}},{"start":{},"end":{}}],"line":91},"7":{"loc":{"start":{"line":91,"column":8},"end":{"line":91,"column":30}},"type":"binary-expr","locations":[{"start":{"line":91,"column":8},"end":{"line":91,"column":17}},{"start":{"line":91,"column":21},"end":{"line":91,"column":30}}],"line":91},"8":{"loc":{"start":{"line":96,"column":4},"end":{"line":98,"column":5}},"type":"if","locations":[{"start":{"line":96,"column":4},"end":{"line":98,"column":5}},{"start":{},"end":{}}],"line":96},"9":{"loc":{"start":{"line":102,"column":4},"end":{"line":105,"column":5}},"type":"if","locations":[{"start":{"line":102,"column":4},"end":{"line":105,"column":5}},{"start":{},"end":{}}],"line":102},"10":{"loc":{"start":{"line":124,"column":4},"end":{"line":126,"column":5}},"type":"if","locations":[{"start":{"line":124,"column":4},"end":{"line":126,"column":5}},{"start":{},"end":{}}],"line":124},"11":{"loc":{"start":{"line":130,"column":4},"end":{"line":132,"column":5}},"type":"if","locations":[{"start":{"line":130,"column":4},"end":{"line":132,"column":5}},{"start":{},"end":{}}],"line":130},"12":{"loc":{"start":{"line":130,"column":8},"end":{"line":130,"column":30}},"type":"binary-expr","locations":[{"start":{"line":130,"column":8},"end":{"line":130,"column":17}},{"start":{"line":130,"column":21},"end":{"line":130,"column":30}}],"line":130},"13":{"loc":{"start":{"line":136,"column":4},"end":{"line":139,"column":5}},"type":"if","locations":[{"start":{"line":136,"column":4},"end":{"line":139,"column":5}},{"start":{},"end":{}}],"line":136}},"s":{"0":1,"1":1,"2":1,"3":1,"4":1,"5":1,"6":1,"7":0,"8":0,"9":1,"10":1,"11":0,"12":1,"13":1,"14":1,"15":1,"16":0,"17":0,"18":1,"19":0,"20":1,"21":3,"22":3,"23":3,"24":3,"25":1,"26":2,"27":2,"28":1,"29":1,"30":0,"31":1,"32":0,"33":0,"34":0,"35":0,"36":0,"37":0,"38":0,"39":0,"40":0,"41":0,"42":0,"43":0,"44":0,"45":0,"46":0,"47":0,"48":0,"49":1,"50":0,"51":0,"52":0,"53":0,"54":0,"55":0,"56":0,"57":0,"58":0,"59":0,"60":0,"61":0,"62":0,"63":0,"64":0,"65":1},"f":{"0":1,"1":1,"2":3,"3":0,"4":0},"b":{"0":[0,1],"1":[0,1],"2":[1,2],"3":[1,1],"4":[2,2],"5":[0,0],"6":[0,0],"7":[0,0],"8":[0,0],"9":[0,0],"10":[0,0],"11":[0,0],"12":[0,0],"13":[0,0]},"_coverageSchema":"1a1c01bbd47fc00a2c39e90264f33305004495a9","hash":"380c806810a57fdc8264929b3937e241ae3b60d0"}
,"/usr/src/app/src/middleware/errorHandler.js": {"path":"/usr/src/app/src/middleware/errorHandler.js","statementMap":{"0":{"start":{"line":1,"column":15},"end":{"line":1,"column":41}},"1":{"start":{"line":2,"column":22},"end":{"line":2,"column":56}},"2":{"start":{"line":11,"column":21},"end":{"line":34,"column":1}},"3":{"start":{"line":12,"column":20},"end":{"line":12,"column":46}},"4":{"start":{"line":14,"column":2},"end":{"line":20,"column":5}},"5":{"start":{"line":23,"column":21},"end":{"line":23,"column":56}},"6":{"start":{"line":26,"column":23},"end":{"line":26,"column":60}},"7":{"start":{"line":27,"column":18},"end":{"line":29,"column":44}},"8":{"start":{"line":31,"column":17},"end":{"line":31,"column":33}},"9":{"start":{"line":33,"column":2},"end":{"line":33,"column":53}},"10":{"start":{"line":36,"column":0},"end":{"line":36,"column":30}}},"fnMap":{"0":{"name":"(anonymous_0)","decl":{"start":{"line":11,"column":21},"end":{"line":11,"column":22}},"loc":{"start":{"line":11,"column":47},"end":{"line":34,"column":1}},"line":11}},"branchMap":{"0":{"loc":{"start":{"line":12,"column":20},"end":{"line":12,"column":46}},"type":"binary-expr","locations":[{"start":{"line":12,"column":20},"end":{"line":12,"column":33}},{"start":{"line":12,"column":37},"end":{"line":12,"column":46}}],"line":12},"1":{"loc":{"start":{"line":23,"column":21},"end":{"line":23,"column":56}},"type":"binary-expr","locations":[{"start":{"line":23,"column":21},"end":{"line":23,"column":35}},{"start":{"line":23,"column":39},"end":{"line":23,"column":49}},{"start":{"line":23,"column":53},"end":{"line":23,"column":56}}],"line":23},"2":{"loc":{"start":{"line":27,"column":18},"end":{"line":29,"column":44}},"type":"cond-expr","locations":[{"start":{"line":28,"column":6},"end":{"line":28,"column":36}},{"start":{"line":29,"column":6},"end":{"line":29,"column":44}}],"line":27},"3":{"loc":{"start":{"line":27,"column":18},"end":{"line":27,"column":52}},"type":"binary-expr","locations":[{"start":{"line":27,"column":18},"end":{"line":27,"column":36}},{"start":{"line":27,"column":40},"end":{"line":27,"column":52}}],"line":27},"4":{"loc":{"start":{"line":29,"column":6},"end":{"line":29,"column":44}},"type":"binary-expr","locations":[{"start":{"line":29,"column":6},"end":{"line":29,"column":17}},{"start":{"line":29,"column":21},"end":{"line":29,"column":44}}],"line":29},"5":{"loc":{"start":{"line":31,"column":17},"end":{"line":31,"column":33}},"type":"binary-expr","locations":[{"start":{"line":31,"column":17},"end":{"line":31,"column":27}},{"start":{"line":31,"column":31},"end":{"line":31,"column":33}}],"line":31}},"s":{"0":1,"1":1,"2":1,"3":0,"4":0,"5":0,"6":0,"7":0,"8":0,"9":0,"10":1},"f":{"0":0},"b":{"0":[0,0],"1":[0,0,0],"2":[0,0],"3":[0,0],"4":[0,0],"5":[0,0]},"_coverageSchema":"1a1c01bbd47fc00a2c39e90264f33305004495a9","hash":"ea009d3870328f051a8cba6afb8f38264cdc2614"}
,"/usr/src/app/src/middleware/requestId.js": {"path":"/usr/src/app/src/middleware/requestId.js","statementMap":{"0":{"start":{"line":1,"column":23},"end":{"line":1,"column":38}},"1":{"start":{"line":8,"column":28},"end":{"line":12,"column":1}},"2":{"start":{"line":9,"column":2},"end":{"line":9,"column":58}},"3":{"start":{"line":10,"column":2},"end":{"line":10,"column":48}},"4":{"start":{"line":11,"column":2},"end":{"line":11,"column":9}},"5":{"start":{"line":14,"column":0},"end":{"line":14,"column":37}}},"fnMap":{"0":{"name":"(anonymous_0)","decl":{"start":{"line":8,"column":28},"end":{"line":8,"column":29}},"loc":{"start":{"line":8,"column":49},"end":{"line":12,"column":1}},"line":8}},"branchMap":{"0":{"loc":{"start":{"line":9,"column":18},"end":{"line":9,"column":57}},"type":"binary-expr","locations":[{"start":{"line":9,"column":18},"end":{"line":9,"column":45}},{"start":{"line":9,"column":49},"end":{"line":9,"column":57}}],"line":9}},"s":{"0":1,"1":1,"2":8,"3":8,"4":8,"5":1},"f":{"0":8},"b":{"0":[8,8]},"_coverageSchema":"1a1c01bbd47fc00a2c39e90264f33305004495a9","hash":"99a72c4c259828681afc7cef449150beae566b19"}
,"/usr/src/app/src/middleware/requestLogger.js": {"path":"/usr/src/app/src/middleware/requestLogger.js","statementMap":{"0":{"start":{"line":1,"column":15},"end":{"line":1,"column":41}},"1":{"start":{"line":7,"column":32},"end":{"line":37,"column":1}},"2":{"start":{"line":8,"column":20},"end":{"line":8,"column":30}},"3":{"start":{"line":11,"column":22},"end":{"line":11,"column":29}},"4":{"start":{"line":12,"column":2},"end":{"line":34,"column":4}},"5":{"start":{"line":13,"column":21},"end":{"line":13,"column":43}},"6":{"start":{"line":14,"column":20},"end":{"line":22,"column":5}},"7":{"start":{"line":25,"column":4},"end":{"line":31,"column":5}},"8":{"start":{"line":26,"column":6},"end":{"line":26,"column":49}},"9":{"start":{"line":27,"column":11},"end":{"line":31,"column":5}},"10":{"start":{"line":28,"column":6},"end":{"line":28,"column":48}},"11":{"start":{"line":30,"column":6},"end":{"line":30,"column":48}},"12":{"start":{"line":33,"column":4},"end":{"line":33,"column":33}},"13":{"start":{"line":36,"column":2},"end":{"line":36,"column":9}},"14":{"start":{"line":39,"column":0},"end":{"line":39,"column":41}}},"fnMap":{"0":{"name":"(anonymous_0)","decl":{"start":{"line":7,"column":32},"end":{"line":7,"column":33}},"loc":{"start":{"line":7,"column":52},"end":{"line":37,"column":1}},"line":7},"1":{"name":"(anonymous_1)","decl":{"start":{"line":12,"column":12},"end":{"line":12,"column":13}},"loc":{"start":{"line":12,"column":31},"end":{"line":34,"column":3}},"line":12}},"branchMap":{"0":{"loc":{"start":{"line":25,"column":4},"end":{"line":31,"column":5}},"type":"if","locations":[{"start":{"line":25,"column":4},"end":{"line":31,"column":5}},{"start":{"line":27,"column":11},"end":{"line":31,"column":5}}],"line":25},"1":{"loc":{"start":{"line":27,"column":11},"end":{"line":31,"column":5}},"type":"if","locations":[{"start":{"line":27,"column":11},"end":{"line":31,"column":5}},{"start":{"line":29,"column":11},"end":{"line":31,"column":5}}],"line":27}},"s":{"0":1,"1":1,"2":8,"3":8,"4":8,"5":8,"6":8,"7":8,"8":1,"9":7,"10":3,"11":4,"12":8,"13":8,"14":1},"f":{"0":8,"1":8},"b":{"0":[1,7],"1":[3,4]},"_coverageSchema":"1a1c01bbd47fc00a2c39e90264f33305004495a9","hash":"e9e8fe9d5f6ab421d8b6e1b6710f5d9a1f7eaf28"}
,"/usr/src/app/src/middleware/validate.js": {"path":"/usr/src/app/src/middleware/validate.js","statementMap":{"0":{"start":{"line":1,"column":22},"end":{"line":1,"column":56}},"1":{"start":{"line":11,"column":17},"end":{"line":28,"column":1}},"2":{"start":{"line":12,"column":2},"end":{"line":27,"column":4}},"3":{"start":{"line":13,"column":19},"end":{"line":13,"column":45}},"4":{"start":{"line":15,"column":4},"end":{"line":22,"column":5}},"5":{"start":{"line":16,"column":21},"end":{"line":19,"column":9}},"6":{"start":{"line":16,"column":57},"end":{"line":19,"column":7}},"7":{"start":{"line":21,"column":6},"end":{"line":21,"column":63}},"8":{"start":{"line":25,"column":4},"end":{"line":25,"column":27}},"9":{"start":{"line":26,"column":4},"end":{"line":26,"column":11}},"10":{"start":{"line":30,"column":0},"end":{"line":30,"column":26}}},"fnMap":{"0":{"name":"(anonymous_0)","decl":{"start":{"line":11,"column":17},"end":{"line":11,"column":18}},"loc":{"start":{"line":11,"column":29},"end":{"line":28,"column":1}},"line":11},"1":{"name":"(anonymous_1)","decl":{"start":{"line":12,"column":9},"end":{"line":12,"column":10}},"loc":{"start":{"line":12,"column":30},"end":{"line":27,"column":3}},"line":12},"2":{"name":"(anonymous_2)","decl":{"start":{"line":16,"column":45},"end":{"line":16,"column":46}},"loc":{"start":{"line":16,"column":57},"end":{"line":19,"column":7}},"line":16}},"branchMap":{"0":{"loc":{"start":{"line":15,"column":4},"end":{"line":22,"column":5}},"type":"if","locations":[{"start":{"line":15,"column":4},"end":{"line":22,"column":5}},{"start":{},"end":{}}],"line":15}},"s":{"0":1,"1":1,"2":2,"3":2,"4":2,"5":1,"6":1,"7":1,"8":1,"9":1,"10":1},"f":{"0":2,"1":2,"2":1},"b":{"0":[1,1]},"_coverageSchema":"1a1c01bbd47fc00a2c39e90264f33305004495a9","hash":"f4f5e22c5a4b8f8ba991fdfad4fea5c7d447fe82"}
,"/usr/src/app/src/models/task.model.js": {"path":"/usr/src/app/src/models/task.model.js","statementMap":{"0":{"start":{"line":1,"column":14},"end":{"line":1,"column":28}},"1":{"start":{"line":2,"column":30},"end":{"line":2,"column":59}},"2":{"start":{"line":8,"column":22},"end":{"line":8,"column":61}},"3":{"start":{"line":10,"column":25},"end":{"line":38,"column":2}},"4":{"start":{"line":32,"column":23},"end":{"line":34,"column":7}},"5":{"start":{"line":40,"column":25},"end":{"line":65,"column":2}},"6":{"start":{"line":60,"column":23},"end":{"line":62,"column":7}},"7":{"start":{"line":68,"column":19},"end":{"line":68,"column":70}},"8":{"start":{"line":74,"column":19},"end":{"line":74,"column":26}},"9":{"start":{"line":80,"column":16},"end":{"line":88,"column":1}},"10":{"start":{"line":81,"column":19},"end":{"line":81,"column":38}},"11":{"start":{"line":82,"column":26},"end":{"line":85,"column":46}},"12":{"start":{"line":87,"column":2},"end":{"line":87,"column":25}},"13":{"start":{"line":95,"column":17},"end":{"line":104,"column":1}},"14":{"start":{"line":96,"column":19},"end":{"line":96,"column":38}},"15":{"start":{"line":97,"column":26},"end":{"line":101,"column":13}},"16":{"start":{"line":103,"column":2},"end":{"line":103,"column":25}},"17":{"start":{"line":111,"column":15},"end":{"line":120,"column":1}},"18":{"start":{"line":112,"column":19},"end":{"line":112,"column":38}},"19":{"start":{"line":113,"column":26},"end":{"line":117,"column":13}},"20":{"start":{"line":119,"column":2},"end":{"line":119,"column":25}},"21":{"start":{"line":128,"column":15},"end":{"line":138,"column":1}},"22":{"start":{"line":129,"column":19},"end":{"line":129,"column":38}},"23":{"start":{"line":130,"column":26},"end":{"line":135,"column":13}},"24":{"start":{"line":137,"column":2},"end":{"line":137,"column":25}},"25":{"start":{"line":145,"column":15},"end":{"line":155,"column":1}},"26":{"start":{"line":146,"column":19},"end":{"line":146,"column":38}},"27":{"start":{"line":147,"column":26},"end":{"line":152,"column":13}},"28":{"start":{"line":154,"column":2},"end":{"line":154,"column":25}},"29":{"start":{"line":157,"column":0},"end":{"line":169,"column":2}}},"fnMap":{"0":{"name":"(anonymous_0)","decl":{"start":{"line":32,"column":16},"end":{"line":32,"column":17}},"loc":{"start":{"line":32,"column":23},"end":{"line":34,"column":7}},"line":32},"1":{"name":"(anonymous_1)","decl":{"start":{"line":60,"column":16},"end":{"line":60,"column":17}},"loc":{"start":{"line":60,"column":23},"end":{"line":62,"column":7}},"line":60},"2":{"name":"(anonymous_2)","decl":{"start":{"line":80,"column":16},"end":{"line":80,"column":17}},"loc":{"start":{"line":80,"column":28},"end":{"line":88,"column":1}},"line":80},"3":{"name":"(anonymous_3)","decl":{"start":{"line":95,"column":17},"end":{"line":95,"column":18}},"loc":{"start":{"line":95,"column":31},"end":{"line":104,"column":1}},"line":95},"4":{"name":"(anonymous_4)","decl":{"start":{"line":111,"column":15},"end":{"line":111,"column":16}},"loc":{"start":{"line":111,"column":35},"end":{"line":120,"column":1}},"line":111},"5":{"name":"(anonymous_5)","decl":{"start":{"line":128,"column":15},"end":{"line":128,"column":16}},"loc":{"start":{"line":128,"column":38},"end":{"line":138,"column":1}},"line":128},"6":{"name":"(anonymous_6)","decl":{"start":{"line":145,"column":15},"end":{"line":145,"column":16}},"loc":{"start":{"line":145,"column":29},"end":{"line":155,"column":1}},"line":145}},"branchMap":{},"s":{"0":1,"1":1,"2":1,"3":1,"4":0,"5":1,"6":0,"7":1,"8":1,"9":1,"10":0,"11":0,"12":0,"13":1,"14":0,"15":0,"16":0,"17":1,"18":0,"19":0,"20":0,"21":1,"22":0,"23":0,"24":0,"25":1,"26":0,"27":0,"28":0,"29":1},"f":{"0":0,"1":0,"2":0,"3":0,"4":0,"5":0,"6":0},"b":{},"_coverageSchema":"1a1c01bbd47fc00a2c39e90264f33305004495a9","hash":"ff2d7a67ed18645c53ffac797e6a96cb9a7b15c3"}
,"/usr/src/app/src/routes/health.routes.js": {"path":"/usr/src/app/src/routes/health.routes.js","statementMap":{"0":{"start":{"line":1,"column":19},"end":{"line":1,"column":37}},"1":{"start":{"line":2,"column":25},"end":{"line":2,"column":68}},"2":{"start":{"line":4,"column":15},"end":{"line":4,"column":23}},"3":{"start":{"line":6,"column":0},"end":{"line":6,"column":44}},"4":{"start":{"line":8,"column":0},"end":{"line":8,"column":24}}},"fnMap":{},"branchMap":{},"s":{"0":1,"1":1,"2":1,"3":1,"4":1},"f":{},"b":{},"_coverageSchema":"1a1c01bbd47fc00a2c39e90264f33305004495a9","hash":"71a8c5f4edafb2f6d054909616d5c21c4317d60a"}
,"/usr/src/app/src/routes/index.js": {"path":"/usr/src/app/src/routes/index.js","statementMap":{"0":{"start":{"line":1,"column":19},"end":{"line":1,"column":37}},"1":{"start":{"line":2,"column":19},"end":{"line":2,"column":43}},"2":{"start":{"line":3,"column":21},"end":{"line":3,"column":47}},"3":{"start":{"line":5,"column":15},"end":{"line":5,"column":23}},"4":{"start":{"line":8,"column":0},"end":{"line":8,"column":40}},"5":{"start":{"line":11,"column":0},"end":{"line":11,"column":36}},"6":{"start":{"line":13,"column":0},"end":{"line":13,"column":24}}},"fnMap":{},"branchMap":{},"s":{"0":1,"1":1,"2":1,"3":1,"4":1,"5":1,"6":1},"f":{},"b":{},"_coverageSchema":"1a1c01bbd47fc00a2c39e90264f33305004495a9","hash":"817666175cc900390aee42768b06cbde948948d0"}
,"/usr/src/app/src/routes/task.routes.js": {"path":"/usr/src/app/src/routes/task.routes.js","statementMap":{"0":{"start":{"line":1,"column":19},"end":{"line":1,"column":37}},"1":{"start":{"line":2,"column":23},"end":{"line":2,"column":64}},"2":{"start":{"line":3,"column":17},"end":{"line":3,"column":50}},"3":{"start":{"line":4,"column":47},"end":{"line":4,"column":78}},"4":{"start":{"line":6,"column":15},"end":{"line":6,"column":23}},"5":{"start":{"line":8,"column":0},"end":{"line":8,"column":72}},"6":{"start":{"line":9,"column":0},"end":{"line":9,"column":44}},"7":{"start":{"line":10,"column":0},"end":{"line":10,"column":47}},"8":{"start":{"line":11,"column":0},"end":{"line":11,"column":74}},"9":{"start":{"line":12,"column":0},"end":{"line":12,"column":49}},"10":{"start":{"line":14,"column":0},"end":{"line":14,"column":24}}},"fnMap":{},"branchMap":{},"s":{"0":1,"1":1,"2":1,"3":1,"4":1,"5":1,"6":1,"7":1,"8":1,"9":1,"10":1},"f":{},"b":{},"_coverageSchema":"1a1c01bbd47fc00a2c39e90264f33305004495a9","hash":"ff68a902b7816c360571289f776be3392db64f78"}
,"/usr/src/app/src/utils/logger.js": {"path":"/usr/src/app/src/utils/logger.js","statementMap":{"0":{"start":{"line":1,"column":16},"end":{"line":1,"column":34}},"1":{"start":{"line":9,"column":15},"end":{"line":28,"column":2}},"2":{"start":{"line":19,"column":24},"end":{"line":19,"column":58}},"3":{"start":{"line":20,"column":26},"end":{"line":20,"column":84}},"4":{"start":{"line":21,"column":12},"end":{"line":21,"column":69}},"5":{"start":{"line":30,"column":0},"end":{"line":30,"column":24}}},"fnMap":{"0":{"name":"(anonymous_0)","decl":{"start":{"line":18,"column":32},"end":{"line":18,"column":33}},"loc":{"start":{"line":18,"column":87},"end":{"line":22,"column":11}},"line":18}},"branchMap":{"0":{"loc":{"start":{"line":10,"column":9},"end":{"line":10,"column":40}},"type":"binary-expr","locations":[{"start":{"line":10,"column":9},"end":{"line":10,"column":30}},{"start":{"line":10,"column":34},"end":{"line":10,"column":40}}],"line":10},"1":{"loc":{"start":{"line":14,"column":4},"end":{"line":23,"column":9}},"type":"cond-expr","locations":[{"start":{"line":15,"column":8},"end":{"line":15,"column":29}},{"start":{"line":16,"column":8},"end":{"line":23,"column":9}}],"line":14},"2":{"loc":{"start":{"line":19,"column":24},"end":{"line":19,"column":58}},"type":"cond-expr","locations":[{"start":{"line":19,"column":36},"end":{"line":19,"column":53}},{"start":{"line":19,"column":56},"end":{"line":19,"column":58}}],"line":19},"3":{"loc":{"start":{"line":20,"column":26},"end":{"line":20,"column":84}},"type":"cond-expr","locations":[{"start":{"line":20,"column":53},"end":{"line":20,"column":79}},{"start":{"line":20,"column":82},"end":{"line":20,"column":84}}],"line":20}},"s":{"0":1,"1":1,"2":0,"3":0,"4":0,"5":1},"f":{"0":0},"b":{"0":[1,0],"1":[0,1],"2":[0,0],"3":[0,0]},"_coverageSchema":"1a1c01bbd47fc00a2c39e90264f33305004495a9","hash":"8f14cc58e892a437a043290a6a4753a62f20b6f0"}
,"/usr/src/app/src/utils/responseHelper.js": {"path":"/usr/src/app/src/utils/responseHelper.js","statementMap":{"0":{"start":{"line":14,"column":20},"end":{"line":19,"column":1}},"1":{"start":{"line":15,"column":2},"end":{"line":18,"column":5}},"2":{"start":{"line":28,"column":18},"end":{"line":34,"column":1}},"3":{"start":{"line":29,"column":2},"end":{"line":33,"column":5}},"4":{"start":{"line":36,"column":0},"end":{"line":36,"column":44}}},"fnMap":{"0":{"name":"(anonymous_0)","decl":{"start":{"line":14,"column":20},"end":{"line":14,"column":21}},"loc":{"start":{"line":14,"column":53},"end":{"line":19,"column":1}},"line":14},"1":{"name":"(anonymous_1)","decl":{"start":{"line":28,"column":18},"end":{"line":28,"column":19}},"loc":{"start":{"line":28,"column":67},"end":{"line":34,"column":1}},"line":28}},"branchMap":{"0":{"loc":{"start":{"line":14,"column":32},"end":{"line":14,"column":48}},"type":"default-arg","locations":[{"start":{"line":14,"column":45},"end":{"line":14,"column":48}}],"line":14},"1":{"loc":{"start":{"line":28,"column":33},"end":{"line":28,"column":44}},"type":"default-arg","locations":[{"start":{"line":28,"column":42},"end":{"line":28,"column":44}}],"line":28},"2":{"loc":{"start":{"line":28,"column":46},"end":{"line":28,"column":62}},"type":"default-arg","locations":[{"start":{"line":28,"column":59},"end":{"line":28,"column":62}}],"line":28}},"s":{"0":1,"1":5,"2":1,"3":3,"4":1},"f":{"0":5,"1":3},"b":{"0":[2],"1":[0],"2":[0]},"_coverageSchema":"1a1c01bbd47fc00a2c39e90264f33305004495a9","hash":"ccbe262ece34ce4c563f0ef0162664b9e63990c3"}
}
