{"C:\\Users\\mihir\\OneDrive\\Desktop\\Task1\\backend\\src\\app.js": {"path":"C:\\Users\\mihir\\OneDrive\\Desktop\\Task1\\backend\\src\\app.js","statementMap":{"0":{"start":{"line":1,"column":16},"end":{"line":1,"column":34}},"1":{"start":{"line":2,"column":15},"end":{"line":2,"column":32}},"2":{"start":{"line":3,"column":13},"end":{"line":3,"column":28}},"3":{"start":{"line":4,"column":12},"end":{"line":4,"column":26}},"4":{"start":{"line":5,"column":26},"end":{"line":5,"column":61}},"5":{"start":{"line":6,"column":22},"end":{"line":6,"column":45}},"6":{"start":{"line":7,"column":28},"end":{"line":7,"column":61}},"7":{"start":{"line":8,"column":32},"end":{"line":8,"column":69}},"8":{"start":{"line":9,"column":21},"end":{"line":9,"column":57}},"9":{"start":{"line":10,"column":15},"end":{"line":10,"column":34}},"10":{"start":{"line":11,"column":22},"end":{"line":11,"column":55}},"11":{"start":{"line":13,"column":18},"end":{"line":58,"column":1}},"12":{"start":{"line":14,"column":14},"end":{"line":14,"column":23}},"13":{"start":{"line":15,"column":17},"end":{"line":15,"column":28}},"14":{"start":{"line":19,"column":2},"end":{"line":19,"column":20}},"15":{"start":{"line":22,"column":2},"end":{"line":28,"column":6}},"16":{"start":{"line":31,"column":2},"end":{"line":31,"column":17}},"17":{"start":{"line":36,"column":2},"end":{"line":36,"column":27}},"18":{"start":{"line":39,"column":2},"end":{"line":39,"column":43}},"19":{"start":{"line":40,"column":2},"end":{"line":40,"column":66}},"20":{"start":{"line":43,"column":2},"end":{"line":43,"column":31}},"21":{"start":{"line":44,"column":2},"end":{"line":44,"column":35}},"22":{"start":{"line":47,"column":2},"end":{"line":47,"column":18}},"23":{"start":{"line":50,"column":2},"end":{"line":52,"column":5}},"24":{"start":{"line":51,"column":4},"end":{"line":51,"column":50}},"25":{"start":{"line":55,"column":2},"end":{"line":55,"column":24}},"26":{"start":{"line":57,"column":2},"end":{"line":57,"column":13}},"27":{"start":{"line":60,"column":0},"end":{"line":60,"column":27}}},"fnMap":{"0":{"name":"(anonymous_0)","decl":{"start":{"line":13,"column":18},"end":{"line":13,"column":19}},"loc":{"start":{"line":13,"column":24},"end":{"line":58,"column":1}},"line":13},"1":{"name":"(anonymous_1)","decl":{"start":{"line":50,"column":10},"end":{"line":50,"column":11}},"loc":{"start":{"line":50,"column":25},"end":{"line":52,"column":3}},"line":50}},"branchMap":{},"s":{"0":1,"1":1,"2":1,"3":1,"4":1,"5":1,"6":1,"7":1,"8":1,"9":1,"10":1,"11":1,"12":1,"13":1,"14":1,"15":1,"16":1,"17":1,"18":1,"19":1,"20":1,"21":1,"22":1,"23":1,"24":0,"25":1,"26":1,"27":1},"f":{"0":1,"1":0},"b":{},"_coverageSchema":"1a1c01bbd47fc00a2c39e90264f33305004495a9","hash":"1cf92f656f8c36208abdcdb93f41f40afc0ad3a3"}
,"C:\\Users\\mihir\\OneDrive\\Desktop\\Task1\\backend\\src\\controllers\\auth.controller.js": {"path":"C:\\Users\\mihir\\OneDrive\\Desktop\\Task1\\backend\\src\\controllers\\auth.controller.js","statementMap":{"0":{"start":{"line":1,"column":18},"end":{"line":1,"column":49}},"1":{"start":{"line":2,"column":41},"end":{"line":2,"column":69}},"2":{"start":{"line":8,"column":4},"end":{"line":8,"column":27}},"3":{"start":{"line":9,"column":22},"end":{"line":9,"column":46}},"4":{"start":{"line":10,"column":35},"end":{"line":10,"column":69}},"5":{"start":{"line":11,"column":15},"end":{"line":11,"column":41}},"6":{"start":{"line":17,"column":20},"end":{"line":30,"column":1}},"7":{"start":{"line":18,"column":17},"end":{"line":18,"column":28}},"8":{"start":{"line":19,"column":22},"end":{"line":19,"column":43}},"9":{"start":{"line":20,"column":23},"end":{"line":20,"column":45}},"10":{"start":{"line":22,"column":20},"end":{"line":22,"column":89}},"11":{"start":{"line":23,"column":2},"end":{"line":27,"column":5}},"12":{"start":{"line":29,"column":2},"end":{"line":29,"column":39}},"13":{"start":{"line":32,"column":19},"end":{"line":32,"column":82}},"14":{"start":{"line":32,"column":30},"end":{"line":32,"column":81}},"15":{"start":{"line":37,"column":15},"end":{"line":68,"column":1}},"16":{"start":{"line":38,"column":2},"end":{"line":67,"column":3}},"17":{"start":{"line":39,"column":38},"end":{"line":39,"column":46}},"18":{"start":{"line":42,"column":4},"end":{"line":44,"column":5}},"19":{"start":{"line":43,"column":6},"end":{"line":43,"column":74}},"20":{"start":{"line":46,"column":51},"end":{"line":46,"column":85}},"21":{"start":{"line":47,"column":4},"end":{"line":50,"column":5}},"22":{"start":{"line":48,"column":6},"end":{"line":48,"column":101}},"23":{"start":{"line":49,"column":6},"end":{"line":49,"column":65}},"24":{"start":{"line":51,"column":4},"end":{"line":53,"column":5}},"25":{"start":{"line":52,"column":6},"end":{"line":52,"column":82}},"26":{"start":{"line":55,"column":26},"end":{"line":55,"column":54}},"27":{"start":{"line":56,"column":34},"end":{"line":56,"column":100}},"28":{"start":{"line":57,"column":4},"end":{"line":60,"column":5}},"29":{"start":{"line":58,"column":6},"end":{"line":58,"column":104}},"30":{"start":{"line":59,"column":6},"end":{"line":59,"column":65}},"31":{"start":{"line":62,"column":19},"end":{"line":62,"column":42}},"32":{"start":{"line":63,"column":4},"end":{"line":63,"column":81}},"33":{"start":{"line":64,"column":4},"end":{"line":64,"column":72}},"34":{"start":{"line":66,"column":4},"end":{"line":66,"column":14}},"35":{"start":{"line":73,"column":14},"end":{"line":99,"column":1}},"36":{"start":{"line":74,"column":2},"end":{"line":98,"column":3}},"37":{"start":{"line":75,"column":32},"end":{"line":75,"column":40}},"38":{"start":{"line":77,"column":34},"end":{"line":77,"column":68}},"39":{"start":{"line":78,"column":4},"end":{"line":81,"column":5}},"40":{"start":{"line":79,"column":6},"end":{"line":79,"column":94}},"41":{"start":{"line":80,"column":6},"end":{"line":80,"column":57}},"42":{"start":{"line":84,"column":4},"end":{"line":86,"column":5}},"43":{"start":{"line":85,"column":6},"end":{"line":85,"column":66}},"44":{"start":{"line":88,"column":15},"end":{"line":88,"column":65}},"45":{"start":{"line":89,"column":4},"end":{"line":91,"column":5}},"46":{"start":{"line":90,"column":6},"end":{"line":90,"column":66}},"47":{"start":{"line":93,"column":19},"end":{"line":93,"column":42}},"48":{"start":{"line":94,"column":4},"end":{"line":94,"column":81}},"49":{"start":{"line":95,"column":4},"end":{"line":95,"column":67}},"50":{"start":{"line":97,"column":4},"end":{"line":97,"column":14}},"51":{"start":{"line":106,"column":16},"end":{"line":142,"column":1}},"52":{"start":{"line":107,"column":2},"end":{"line":141,"column":3}},"53":{"start":{"line":108,"column":29},"end":{"line":108,"column":37}},"54":{"start":{"line":111,"column":4},"end":{"line":115,"column":5}},"55":{"start":{"line":112,"column":6},"end":{"line":112,"column":49}},"56":{"start":{"line":114,"column":6},"end":{"line":114,"column":73}},"57":{"start":{"line":117,"column":22},"end":{"line":117,"column":45}},"58":{"start":{"line":118,"column":47},"end":{"line":118,"column":90}},"59":{"start":{"line":119,"column":4},"end":{"line":122,"column":5}},"60":{"start":{"line":120,"column":6},"end":{"line":120,"column":100}},"61":{"start":{"line":121,"column":6},"end":{"line":121,"column":64}},"62":{"start":{"line":125,"column":4},"end":{"line":127,"column":5}},"63":{"start":{"line":126,"column":6},"end":{"line":126,"column":73}},"64":{"start":{"line":129,"column":45},"end":{"line":129,"column":82}},"65":{"start":{"line":130,"column":4},"end":{"line":132,"column":5}},"66":{"start":{"line":131,"column":6},"end":{"line":131,"column":73}},"67":{"start":{"line":135,"column":4},"end":{"line":135,"column":50}},"68":{"start":{"line":136,"column":19},"end":{"line":136,"column":42}},"69":{"start":{"line":138,"column":4},"end":{"line":138,"column":67}},"70":{"start":{"line":140,"column":4},"end":{"line":140,"column":14}},"71":{"start":{"line":148,"column":15},"end":{"line":158,"column":1}},"72":{"start":{"line":149,"column":2},"end":{"line":157,"column":3}},"73":{"start":{"line":150,"column":29},"end":{"line":150,"column":37}},"74":{"start":{"line":151,"column":4},"end":{"line":153,"column":5}},"75":{"start":{"line":152,"column":6},"end":{"line":152,"column":66}},"76":{"start":{"line":154,"column":4},"end":{"line":154,"column":68}},"77":{"start":{"line":156,"column":4},"end":{"line":156,"column":14}},"78":{"start":{"line":164,"column":11},"end":{"line":174,"column":1}},"79":{"start":{"line":165,"column":2},"end":{"line":173,"column":3}},"80":{"start":{"line":166,"column":34},"end":{"line":166,"column":71}},"81":{"start":{"line":167,"column":4},"end":{"line":169,"column":5}},"82":{"start":{"line":168,"column":6},"end":{"line":168,"column":55}},"83":{"start":{"line":170,"column":4},"end":{"line":170,"column":46}},"84":{"start":{"line":172,"column":4},"end":{"line":172,"column":14}},"85":{"start":{"line":176,"column":0},"end":{"line":182,"column":2}}},"fnMap":{"0":{"name":"(anonymous_0)","decl":{"start":{"line":17,"column":20},"end":{"line":17,"column":21}},"loc":{"start":{"line":17,"column":36},"end":{"line":30,"column":1}},"line":17},"1":{"name":"(anonymous_1)","decl":{"start":{"line":32,"column":19},"end":{"line":32,"column":20}},"loc":{"start":{"line":32,"column":30},"end":{"line":32,"column":81}},"line":32},"2":{"name":"(anonymous_2)","decl":{"start":{"line":37,"column":15},"end":{"line":37,"column":16}},"loc":{"start":{"line":37,"column":41},"end":{"line":68,"column":1}},"line":37},"3":{"name":"(anonymous_3)","decl":{"start":{"line":73,"column":14},"end":{"line":73,"column":15}},"loc":{"start":{"line":73,"column":40},"end":{"line":99,"column":1}},"line":73},"4":{"name":"(anonymous_4)","decl":{"start":{"line":106,"column":16},"end":{"line":106,"column":17}},"loc":{"start":{"line":106,"column":42},"end":{"line":142,"column":1}},"line":106},"5":{"name":"(anonymous_5)","decl":{"start":{"line":148,"column":15},"end":{"line":148,"column":16}},"loc":{"start":{"line":148,"column":41},"end":{"line":158,"column":1}},"line":148},"6":{"name":"(anonymous_6)","decl":{"start":{"line":164,"column":11},"end":{"line":164,"column":12}},"loc":{"start":{"line":164,"column":37},"end":{"line":174,"column":1}},"line":164}},"branchMap":{"0":{"loc":{"start":{"line":42,"column":4},"end":{"line":44,"column":5}},"type":"if","locations":[{"start":{"line":42,"column":4},"end":{"line":44,"column":5}},{"start":{},"end":{}}],"line":42},"1":{"loc":{"start":{"line":42,"column":8},"end":{"line":42,"column":32}},"type":"binary-expr","locations":[{"start":{"line":42,"column":8},"end":{"line":42,"column":12}},{"start":{"line":42,"column":16},"end":{"line":42,"column":32}}],"line":42},"2":{"loc":{"start":{"line":47,"column":4},"end":{"line":50,"column":5}},"type":"if","locations":[{"start":{"line":47,"column":4},"end":{"line":50,"column":5}},{"start":{},"end":{}}],"line":47},"3":{"loc":{"start":{"line":51,"column":4},"end":{"line":53,"column":5}},"type":"if","locations":[{"start":{"line":51,"column":4},"end":{"line":53,"column":5}},{"start":{},"end":{}}],"line":51},"4":{"loc":{"start":{"line":57,"column":4},"end":{"line":60,"column":5}},"type":"if","locations":[{"start":{"line":57,"column":4},"end":{"line":60,"column":5}},{"start":{},"end":{}}],"line":57},"5":{"loc":{"start":{"line":57,"column":8},"end":{"line":57,"column":22}},"type":"binary-expr","locations":[{"start":{"line":57,"column":8},"end":{"line":57,"column":13}},{"start":{"line":57,"column":17},"end":{"line":57,"column":22}}],"line":57},"6":{"loc":{"start":{"line":58,"column":78},"end":{"line":58,"column":100}},"type":"binary-expr","locations":[{"start":{"line":58,"column":78},"end":{"line":58,"column":83}},{"start":{"line":58,"column":87},"end":{"line":58,"column":100}}],"line":58},"7":{"loc":{"start":{"line":78,"column":4},"end":{"line":81,"column":5}},"type":"if","locations":[{"start":{"line":78,"column":4},"end":{"line":81,"column":5}},{"start":{},"end":{}}],"line":78},"8":{"loc":{"start":{"line":84,"column":4},"end":{"line":86,"column":5}},"type":"if","locations":[{"start":{"line":84,"column":4},"end":{"line":86,"column":5}},{"start":{},"end":{}}],"line":84},"9":{"loc":{"start":{"line":89,"column":4},"end":{"line":91,"column":5}},"type":"if","locations":[{"start":{"line":89,"column":4},"end":{"line":91,"column":5}},{"start":{},"end":{}}],"line":89},"10":{"loc":{"start":{"line":119,"column":4},"end":{"line":122,"column":5}},"type":"if","locations":[{"start":{"line":119,"column":4},"end":{"line":122,"column":5}},{"start":{},"end":{}}],"line":119},"11":{"loc":{"start":{"line":125,"column":4},"end":{"line":127,"column":5}},"type":"if","locations":[{"start":{"line":125,"column":4},"end":{"line":127,"column":5}},{"start":{},"end":{}}],"line":125},"12":{"loc":{"start":{"line":125,"column":8},"end":{"line":125,"column":77}},"type":"binary-expr","locations":[{"start":{"line":125,"column":8},"end":{"line":125,"column":15}},{"start":{"line":125,"column":19},"end":{"line":125,"column":33}},{"start":{"line":125,"column":37},"end":{"line":125,"column":77}}],"line":125},"13":{"loc":{"start":{"line":130,"column":4},"end":{"line":132,"column":5}},"type":"if","locations":[{"start":{"line":130,"column":4},"end":{"line":132,"column":5}},{"start":{},"end":{}}],"line":130},"14":{"loc":{"start":{"line":130,"column":8},"end":{"line":130,"column":26}},"type":"binary-expr","locations":[{"start":{"line":130,"column":8},"end":{"line":130,"column":17}},{"start":{"line":130,"column":21},"end":{"line":130,"column":26}}],"line":130},"15":{"loc":{"start":{"line":151,"column":4},"end":{"line":153,"column":5}},"type":"if","locations":[{"start":{"line":151,"column":4},"end":{"line":153,"column":5}},{"start":{},"end":{}}],"line":151},"16":{"loc":{"start":{"line":167,"column":4},"end":{"line":169,"column":5}},"type":"if","locations":[{"start":{"line":167,"column":4},"end":{"line":169,"column":5}},{"start":{},"end":{}}],"line":167},"17":{"loc":{"start":{"line":167,"column":8},"end":{"line":167,"column":22}},"type":"binary-expr","locations":[{"start":{"line":167,"column":8},"end":{"line":167,"column":13}},{"start":{"line":167,"column":17},"end":{"line":167,"column":22}}],"line":167}},"s":{"0":2,"1":2,"2":2,"3":2,"4":2,"5":2,"6":2,"7":3,"8":3,"9":3,"10":3,"11":3,"12":3,"13":2,"14":4,"15":2,"16":3,"17":3,"18":3,"19":1,"20":2,"21":2,"22":0,"23":0,"24":2,"25":1,"26":1,"27":1,"28":1,"29":0,"30":0,"31":1,"32":1,"33":1,"34":0,"35":2,"36":3,"37":3,"38":3,"39":3,"40":0,"41":0,"42":3,"43":1,"44":2,"45":2,"46":1,"47":1,"48":1,"49":1,"50":0,"51":2,"52":3,"53":3,"54":3,"55":3,"56":1,"57":2,"58":2,"59":2,"60":0,"61":0,"62":2,"63":1,"64":1,"65":1,"66":0,"67":1,"68":1,"69":1,"70":0,"71":2,"72":1,"73":1,"74":1,"75":1,"76":1,"77":0,"78":2,"79":1,"80":1,"81":1,"82":0,"83":1,"84":0,"85":2},"f":{"0":3,"1":4,"2":3,"3":3,"4":3,"5":1,"6":1},"b":{"0":[1,2],"1":[3,1],"2":[0,2],"3":[1,1],"4":[0,1],"5":[1,1],"6":[0,0],"7":[0,3],"8":[1,2],"9":[1,1],"10":[0,2],"11":[1,1],"12":[2,2,1],"13":[0,1],"14":[1,1],"15":[1,0],"16":[0,1],"17":[1,1]},"_coverageSchema":"1a1c01bbd47fc00a2c39e90264f33305004495a9","hash":"22ed11619892233b8ef53533a25daf263a89398b"}
,"C:\\Users\\mihir\\OneDrive\\Desktop\\Task1\\backend\\src\\controllers\\health.controller.js": {"path":"C:\\Users\\mihir\\OneDrive\\Desktop\\Task1\\backend\\src\\controllers\\health.controller.js","statementMap":{"0":{"start":{"line":1,"column":27},"end":{"line":1,"column":56}},"1":{"start":{"line":2,"column":35},"end":{"line":2,"column":69}},"2":{"start":{"line":8,"column":18},"end":{"line":24,"column":1}},"3":{"start":{"line":9,"column":2},"end":{"line":23,"column":3}},"4":{"start":{"line":10,"column":24},"end":{"line":10,"column":46}},"5":{"start":{"line":12,"column":19},"end":{"line":17,"column":5}},"6":{"start":{"line":19,"column":23},"end":{"line":19,"column":46}},"7":{"start":{"line":20,"column":4},"end":{"line":20,"column":48}},"8":{"start":{"line":22,"column":4},"end":{"line":22,"column":58}},"9":{"start":{"line":26,"column":0},"end":{"line":26,"column":31}}},"fnMap":{"0":{"name":"(anonymous_0)","decl":{"start":{"line":8,"column":18},"end":{"line":8,"column":19}},"loc":{"start":{"line":8,"column":39},"end":{"line":24,"column":1}},"line":8}},"branchMap":{"0":{"loc":{"start":{"line":13,"column":14},"end":{"line":13,"column":45}},"type":"cond-expr","locations":[{"start":{"line":13,"column":28},"end":{"line":13,"column":32}},{"start":{"line":13,"column":35},"end":{"line":13,"column":45}}],"line":13},"1":{"loc":{"start":{"line":14,"column":16},"end":{"line":14,"column":43}},"type":"cond-expr","locations":[{"start":{"line":14,"column":30},"end":{"line":14,"column":34}},{"start":{"line":14,"column":37},"end":{"line":14,"column":43}}],"line":14},"2":{"loc":{"start":{"line":19,"column":23},"end":{"line":19,"column":46}},"type":"cond-expr","locations":[{"start":{"line":19,"column":37},"end":{"line":19,"column":40}},{"start":{"line":19,"column":43},"end":{"line":19,"column":46}}],"line":19}},"s":{"0":1,"1":1,"2":1,"3":2,"4":2,"5":2,"6":2,"7":2,"8":0,"9":1},"f":{"0":2},"b":{"0":[1,1],"1":[1,1],"2":[1,1]},"_coverageSchema":"1a1c01bbd47fc00a2c39e90264f33305004495a9","hash":"df6d39a41a2e1fa789e38b06015c3500b3945c25"}
,"C:\\Users\\mihir\\OneDrive\\Desktop\\Task1\\backend\\src\\controllers\\report.controller.js": {"path":"C:\\Users\\mihir\\OneDrive\\Desktop\\Task1\\backend\\src\\controllers\\report.controller.js","statementMap":{"0":{"start":{"line":1,"column":45},"end":{"line":1,"column":76}},"1":{"start":{"line":2,"column":35},"end":{"line":2,"column":69}},"2":{"start":{"line":3,"column":15},"end":{"line":3,"column":41}},"3":{"start":{"line":19,"column":22},"end":{"line":52,"column":1}},"4":{"start":{"line":20,"column":2},"end":{"line":51,"column":3}},"5":{"start":{"line":21,"column":27},"end":{"line":21,"column":57}},"6":{"start":{"line":23,"column":20},"end":{"line":28,"column":5}},"7":{"start":{"line":30,"column":16},"end":{"line":32,"column":6}},"8":{"start":{"line":34,"column":4},"end":{"line":38,"column":7}},"9":{"start":{"line":40,"column":4},"end":{"line":48,"column":6}},"10":{"start":{"line":50,"column":4},"end":{"line":50,"column":14}},"11":{"start":{"line":60,"column":24},"end":{"line":93,"column":1}},"12":{"start":{"line":61,"column":2},"end":{"line":92,"column":3}},"13":{"start":{"line":62,"column":22},"end":{"line":62,"column":32}},"14":{"start":{"line":63,"column":18},"end":{"line":63,"column":34}},"15":{"start":{"line":64,"column":16},"end":{"line":64,"column":41}},"16":{"start":{"line":66,"column":4},"end":{"line":68,"column":5}},"17":{"start":{"line":67,"column":6},"end":{"line":67,"column":61}},"18":{"start":{"line":70,"column":4},"end":{"line":72,"column":5}},"19":{"start":{"line":71,"column":6},"end":{"line":71,"column":61}},"20":{"start":{"line":74,"column":18},"end":{"line":74,"column":38}},"21":{"start":{"line":75,"column":21},"end":{"line":81,"column":5}},"22":{"start":{"line":83,"column":4},"end":{"line":87,"column":5}},"23":{"start":{"line":84,"column":6},"end":{"line":84,"column":40}},"24":{"start":{"line":85,"column":11},"end":{"line":87,"column":5}},"25":{"start":{"line":86,"column":6},"end":{"line":86,"column":40}},"26":{"start":{"line":89,"column":4},"end":{"line":89,"column":38}},"27":{"start":{"line":91,"column":4},"end":{"line":91,"column":14}},"28":{"start":{"line":95,"column":0},"end":{"line":95,"column":52}}},"fnMap":{"0":{"name":"(anonymous_0)","decl":{"start":{"line":19,"column":22},"end":{"line":19,"column":23}},"loc":{"start":{"line":19,"column":48},"end":{"line":52,"column":1}},"line":19},"1":{"name":"(anonymous_1)","decl":{"start":{"line":60,"column":24},"end":{"line":60,"column":25}},"loc":{"start":{"line":60,"column":50},"end":{"line":93,"column":1}},"line":60}},"branchMap":{"0":{"loc":{"start":{"line":31,"column":13},"end":{"line":31,"column":68}},"type":"cond-expr","locations":[{"start":{"line":31,"column":30},"end":{"line":31,"column":56}},{"start":{"line":31,"column":59},"end":{"line":31,"column":68}}],"line":31},"1":{"loc":{"start":{"line":66,"column":4},"end":{"line":68,"column":5}},"type":"if","locations":[{"start":{"line":66,"column":4},"end":{"line":68,"column":5}},{"start":{},"end":{}}],"line":66},"2":{"loc":{"start":{"line":70,"column":4},"end":{"line":72,"column":5}},"type":"if","locations":[{"start":{"line":70,"column":4},"end":{"line":72,"column":5}},{"start":{},"end":{}}],"line":70},"3":{"loc":{"start":{"line":70,"column":8},"end":{"line":70,"column":68}},"type":"binary-expr","locations":[{"start":{"line":70,"column":8},"end":{"line":70,"column":33}},{"start":{"line":70,"column":37},"end":{"line":70,"column":68}}],"line":70},"4":{"loc":{"start":{"line":78,"column":16},"end":{"line":78,"column":33}},"type":"binary-expr","locations":[{"start":{"line":78,"column":16},"end":{"line":78,"column":28}},{"start":{"line":78,"column":32},"end":{"line":78,"column":33}}],"line":78},"5":{"loc":{"start":{"line":83,"column":4},"end":{"line":87,"column":5}},"type":"if","locations":[{"start":{"line":83,"column":4},"end":{"line":87,"column":5}},{"start":{"line":85,"column":11},"end":{"line":87,"column":5}}],"line":83},"6":{"loc":{"start":{"line":85,"column":11},"end":{"line":87,"column":5}},"type":"if","locations":[{"start":{"line":85,"column":11},"end":{"line":87,"column":5}},{"start":{},"end":{}}],"line":85}},"s":{"0":2,"1":2,"2":2,"3":2,"4":3,"5":3,"6":3,"7":3,"8":2,"9":2,"10":1,"11":2,"12":5,"13":5,"14":5,"15":5,"16":5,"17":1,"18":4,"19":1,"20":3,"21":3,"22":3,"23":1,"24":2,"25":1,"26":3,"27":0,"28":2},"f":{"0":3,"1":5},"b":{"0":[1,2],"1":[1,4],"2":[1,3],"3":[4,3],"4":[3,0],"5":[1,2],"6":[1,1]},"_coverageSchema":"1a1c01bbd47fc00a2c39e90264f33305004495a9","hash":"a594fe90cd35b8614c3c9261048ed52e49ddddf7"}
,"C:\\Users\\mihir\\OneDrive\\Desktop\\Task1\\backend\\src\\controllers\\task.controller.js": {"path":"C:\\Users\\mihir\\OneDrive\\Desktop\\Task1\\backend\\src\\controllers\\task.controller.js","statementMap":{"0":{"start":{"line":1,"column":18},"end":{"line":1,"column":49}},"1":{"start":{"line":2,"column":35},"end":{"line":2,"column":69}},"2":{"start":{"line":3,"column":15},"end":{"line":3,"column":41}},"3":{"start":{"line":14,"column":18},"end":{"line":14,"column":83}},"4":{"start":{"line":14,"column":34},"end":{"line":14,"column":83}},"5":{"start":{"line":20,"column":19},"end":{"line":34,"column":1}},"6":{"start":{"line":21,"column":2},"end":{"line":33,"column":3}},"7":{"start":{"line":22,"column":28},"end":{"line":22,"column":73}},"8":{"start":{"line":24,"column":4},"end":{"line":27,"column":5}},"9":{"start":{"line":25,"column":6},"end":{"line":25,"column":96}},"10":{"start":{"line":26,"column":6},"end":{"line":26,"column":62}},"11":{"start":{"line":29,"column":4},"end":{"line":29,"column":100}},"12":{"start":{"line":30,"column":4},"end":{"line":30,"column":39}},"13":{"start":{"line":32,"column":4},"end":{"line":32,"column":14}},"14":{"start":{"line":40,"column":20},"end":{"line":53,"column":1}},"15":{"start":{"line":41,"column":2},"end":{"line":52,"column":3}},"16":{"start":{"line":42,"column":28},"end":{"line":42,"column":61}},"17":{"start":{"line":44,"column":4},"end":{"line":47,"column":5}},"18":{"start":{"line":45,"column":6},"end":{"line":45,"column":96}},"19":{"start":{"line":46,"column":6},"end":{"line":46,"column":62}},"20":{"start":{"line":49,"column":4},"end":{"line":49,"column":34}},"21":{"start":{"line":51,"column":4},"end":{"line":51,"column":14}},"22":{"start":{"line":59,"column":20},"end":{"line":84,"column":1}},"23":{"start":{"line":60,"column":2},"end":{"line":83,"column":3}},"24":{"start":{"line":61,"column":19},"end":{"line":61,"column":29}},"25":{"start":{"line":64,"column":23},"end":{"line":64,"column":57}},"26":{"start":{"line":65,"column":4},"end":{"line":67,"column":5}},"27":{"start":{"line":66,"column":6},"end":{"line":66,"column":111}},"28":{"start":{"line":69,"column":28},"end":{"line":69,"column":56}},"29":{"start":{"line":71,"column":4},"end":{"line":73,"column":5}},"30":{"start":{"line":72,"column":6},"end":{"line":72,"column":55}},"31":{"start":{"line":76,"column":4},"end":{"line":78,"column":5}},"32":{"start":{"line":77,"column":6},"end":{"line":77,"column":55}},"33":{"start":{"line":80,"column":4},"end":{"line":80,"column":34}},"34":{"start":{"line":82,"column":4},"end":{"line":82,"column":14}},"35":{"start":{"line":90,"column":19},"end":{"line":127,"column":1}},"36":{"start":{"line":91,"column":2},"end":{"line":126,"column":3}},"37":{"start":{"line":92,"column":19},"end":{"line":92,"column":29}},"38":{"start":{"line":95,"column":23},"end":{"line":95,"column":57}},"39":{"start":{"line":96,"column":4},"end":{"line":98,"column":5}},"40":{"start":{"line":97,"column":6},"end":{"line":97,"column":111}},"41":{"start":{"line":101,"column":49},"end":{"line":101,"column":77}},"42":{"start":{"line":102,"column":4},"end":{"line":104,"column":5}},"43":{"start":{"line":103,"column":6},"end":{"line":103,"column":55}},"44":{"start":{"line":106,"column":4},"end":{"line":108,"column":5}},"45":{"start":{"line":107,"column":6},"end":{"line":107,"column":55}},"46":{"start":{"line":111,"column":4},"end":{"line":113,"column":5}},"47":{"start":{"line":112,"column":6},"end":{"line":112,"column":66}},"48":{"start":{"line":115,"column":28},"end":{"line":115,"column":64}},"49":{"start":{"line":117,"column":4},"end":{"line":120,"column":5}},"50":{"start":{"line":118,"column":6},"end":{"line":118,"column":108}},"51":{"start":{"line":119,"column":6},"end":{"line":119,"column":62}},"52":{"start":{"line":122,"column":4},"end":{"line":122,"column":74}},"53":{"start":{"line":123,"column":4},"end":{"line":123,"column":34}},"54":{"start":{"line":125,"column":4},"end":{"line":125,"column":14}},"55":{"start":{"line":133,"column":19},"end":{"line":176,"column":1}},"56":{"start":{"line":134,"column":2},"end":{"line":175,"column":3}},"57":{"start":{"line":135,"column":19},"end":{"line":135,"column":29}},"58":{"start":{"line":138,"column":23},"end":{"line":138,"column":57}},"59":{"start":{"line":139,"column":4},"end":{"line":141,"column":5}},"60":{"start":{"line":140,"column":6},"end":{"line":140,"column":111}},"61":{"start":{"line":144,"column":49},"end":{"line":144,"column":77}},"62":{"start":{"line":145,"column":4},"end":{"line":147,"column":5}},"63":{"start":{"line":146,"column":6},"end":{"line":146,"column":55}},"64":{"start":{"line":149,"column":4},"end":{"line":151,"column":5}},"65":{"start":{"line":150,"column":6},"end":{"line":150,"column":55}},"66":{"start":{"line":153,"column":22},"end":{"line":153,"column":48}},"67":{"start":{"line":155,"column":4},"end":{"line":158,"column":5}},"68":{"start":{"line":156,"column":6},"end":{"line":156,"column":108}},"69":{"start":{"line":157,"column":6},"end":{"line":157,"column":62}},"70":{"start":{"line":162,"column":22},"end":{"line":162,"column":59}},"71":{"start":{"line":163,"column":4},"end":{"line":169,"column":5}},"72":{"start":{"line":164,"column":6},"end":{"line":168,"column":9}},"73":{"start":{"line":171,"column":4},"end":{"line":171,"column":74}},"74":{"start":{"line":172,"column":4},"end":{"line":172,"column":70}},"75":{"start":{"line":174,"column":4},"end":{"line":174,"column":14}},"76":{"start":{"line":182,"column":24},"end":{"line":195,"column":1}},"77":{"start":{"line":183,"column":2},"end":{"line":194,"column":3}},"78":{"start":{"line":184,"column":28},"end":{"line":184,"column":68}},"79":{"start":{"line":186,"column":4},"end":{"line":189,"column":5}},"80":{"start":{"line":187,"column":6},"end":{"line":187,"column":103}},"81":{"start":{"line":188,"column":6},"end":{"line":188,"column":69}},"82":{"start":{"line":191,"column":4},"end":{"line":191,"column":34}},"83":{"start":{"line":193,"column":4},"end":{"line":193,"column":14}},"84":{"start":{"line":197,"column":0},"end":{"line":204,"column":2}}},"fnMap":{"0":{"name":"(anonymous_0)","decl":{"start":{"line":14,"column":18},"end":{"line":14,"column":19}},"loc":{"start":{"line":14,"column":34},"end":{"line":14,"column":83}},"line":14},"1":{"name":"(anonymous_1)","decl":{"start":{"line":20,"column":19},"end":{"line":20,"column":20}},"loc":{"start":{"line":20,"column":45},"end":{"line":34,"column":1}},"line":20},"2":{"name":"(anonymous_2)","decl":{"start":{"line":40,"column":20},"end":{"line":40,"column":21}},"loc":{"start":{"line":40,"column":46},"end":{"line":53,"column":1}},"line":40},"3":{"name":"(anonymous_3)","decl":{"start":{"line":59,"column":20},"end":{"line":59,"column":21}},"loc":{"start":{"line":59,"column":46},"end":{"line":84,"column":1}},"line":59},"4":{"name":"(anonymous_4)","decl":{"start":{"line":90,"column":19},"end":{"line":90,"column":20}},"loc":{"start":{"line":90,"column":45},"end":{"line":127,"column":1}},"line":90},"5":{"name":"(anonymous_5)","decl":{"start":{"line":133,"column":19},"end":{"line":133,"column":20}},"loc":{"start":{"line":133,"column":45},"end":{"line":176,"column":1}},"line":133},"6":{"name":"(anonymous_6)","decl":{"start":{"line":182,"column":24},"end":{"line":182,"column":25}},"loc":{"start":{"line":182,"column":50},"end":{"line":195,"column":1}},"line":182}},"branchMap":{"0":{"loc":{"start":{"line":14,"column":34},"end":{"line":14,"column":83}},"type":"binary-expr","locations":[{"start":{"line":14,"column":34},"end":{"line":14,"column":55}},{"start":{"line":14,"column":59},"end":{"line":14,"column":83}}],"line":14},"1":{"loc":{"start":{"line":24,"column":4},"end":{"line":27,"column":5}},"type":"if","locations":[{"start":{"line":24,"column":4},"end":{"line":27,"column":5}},{"start":{},"end":{}}],"line":24},"2":{"loc":{"start":{"line":44,"column":4},"end":{"line":47,"column":5}},"type":"if","locations":[{"start":{"line":44,"column":4},"end":{"line":47,"column":5}},{"start":{},"end":{}}],"line":44},"3":{"loc":{"start":{"line":65,"column":4},"end":{"line":67,"column":5}},"type":"if","locations":[{"start":{"line":65,"column":4},"end":{"line":67,"column":5}},{"start":{},"end":{}}],"line":65},"4":{"loc":{"start":{"line":71,"column":4},"end":{"line":73,"column":5}},"type":"if","locations":[{"start":{"line":71,"column":4},"end":{"line":73,"column":5}},{"start":{},"end":{}}],"line":71},"5":{"loc":{"start":{"line":71,"column":8},"end":{"line":71,"column":22}},"type":"binary-expr","locations":[{"start":{"line":71,"column":8},"end":{"line":71,"column":13}},{"start":{"line":71,"column":17},"end":{"line":71,"column":22}}],"line":71},"6":{"loc":{"start":{"line":76,"column":4},"end":{"line":78,"column":5}},"type":"if","locations":[{"start":{"line":76,"column":4},"end":{"line":78,"column":5}},{"start":{},"end":{}}],"line":76},"7":{"loc":{"start":{"line":96,"column":4},"end":{"line":98,"column":5}},"type":"if","locations":[{"start":{"line":96,"column":4},"end":{"line":98,"column":5}},{"start":{},"end":{}}],"line":96},"8":{"loc":{"start":{"line":102,"column":4},"end":{"line":104,"column":5}},"type":"if","locations":[{"start":{"line":102,"column":4},"end":{"line":104,"column":5}},{"start":{},"end":{}}],"line":102},"9":{"loc":{"start":{"line":102,"column":8},"end":{"line":102,"column":30}},"type":"binary-expr","locations":[{"start":{"line":102,"column":8},"end":{"line":102,"column":17}},{"start":{"line":102,"column":21},"end":{"line":102,"column":30}}],"line":102},"10":{"loc":{"start":{"line":106,"column":4},"end":{"line":108,"column":5}},"type":"if","locations":[{"start":{"line":106,"column":4},"end":{"line":108,"column":5}},{"start":{},"end":{}}],"line":106},"11":{"loc":{"start":{"line":111,"column":4},"end":{"line":113,"column":5}},"type":"if","locations":[{"start":{"line":111,"column":4},"end":{"line":113,"column":5}},{"start":{},"end":{}}],"line":111},"12":{"loc":{"start":{"line":117,"column":4},"end":{"line":120,"column":5}},"type":"if","locations":[{"start":{"line":117,"column":4},"end":{"line":120,"column":5}},{"start":{},"end":{}}],"line":117},"13":{"loc":{"start":{"line":139,"column":4},"end":{"line":141,"column":5}},"type":"if","locations":[{"start":{"line":139,"column":4},"end":{"line":141,"column":5}},{"start":{},"end":{}}],"line":139},"14":{"loc":{"start":{"line":145,"column":4},"end":{"line":147,"column":5}},"type":"if","locations":[{"start":{"line":145,"column":4},"end":{"line":147,"column":5}},{"start":{},"end":{}}],"line":145},"15":{"loc":{"start":{"line":145,"column":8},"end":{"line":145,"column":30}},"type":"binary-expr","locations":[{"start":{"line":145,"column":8},"end":{"line":145,"column":17}},{"start":{"line":145,"column":21},"end":{"line":145,"column":30}}],"line":145},"16":{"loc":{"start":{"line":149,"column":4},"end":{"line":151,"column":5}},"type":"if","locations":[{"start":{"line":149,"column":4},"end":{"line":151,"column":5}},{"start":{},"end":{}}],"line":149},"17":{"loc":{"start":{"line":155,"column":4},"end":{"line":158,"column":5}},"type":"if","locations":[{"start":{"line":155,"column":4},"end":{"line":158,"column":5}},{"start":{},"end":{}}],"line":155},"18":{"loc":{"start":{"line":163,"column":4},"end":{"line":169,"column":5}},"type":"if","locations":[{"start":{"line":163,"column":4},"end":{"line":169,"column":5}},{"start":{},"end":{}}],"line":163},"19":{"loc":{"start":{"line":163,"column":8},"end":{"line":163,"column":36}},"type":"binary-expr","locations":[{"start":{"line":163,"column":8},"end":{"line":163,"column":17}},{"start":{"line":163,"column":21},"end":{"line":163,"column":36}}],"line":163},"20":{"loc":{"start":{"line":186,"column":4},"end":{"line":189,"column":5}},"type":"if","locations":[{"start":{"line":186,"column":4},"end":{"line":189,"column":5}},{"start":{},"end":{}}],"line":186}},"s":{"0":2,"1":2,"2":2,"3":2,"4":9,"5":2,"6":4,"7":4,"8":3,"9":1,"10":1,"11":2,"12":2,"13":1,"14":2,"15":4,"16":4,"17":4,"18":1,"19":1,"20":3,"21":0,"22":2,"23":8,"24":8,"25":8,"26":8,"27":2,"28":6,"29":6,"30":2,"31":4,"32":1,"33":3,"34":0,"35":2,"36":2,"37":2,"38":2,"39":2,"40":0,"41":2,"42":2,"43":0,"44":2,"45":0,"46":2,"47":1,"48":1,"49":1,"50":0,"51":0,"52":1,"53":1,"54":0,"55":2,"56":3,"57":3,"58":3,"59":3,"60":0,"61":3,"62":3,"63":0,"64":3,"65":1,"66":2,"67":2,"68":0,"69":0,"70":2,"71":2,"72":1,"73":2,"74":2,"75":0,"76":2,"77":2,"78":2,"79":2,"80":1,"81":1,"82":1,"83":0,"84":2},"f":{"0":9,"1":4,"2":4,"3":8,"4":2,"5":3,"6":2},"b":{"0":[9,3],"1":[1,2],"2":[1,3],"3":[2,6],"4":[2,4],"5":[6,6],"6":[1,3],"7":[0,2],"8":[0,2],"9":[2,2],"10":[0,2],"11":[1,1],"12":[0,1],"13":[0,3],"14":[0,3],"15":[3,3],"16":[1,2],"17":[0,2],"18":[1,1],"19":[2,2],"20":[1,1]},"_coverageSchema":"1a1c01bbd47fc00a2c39e90264f33305004495a9","hash":"cef494eb3406af07ff1228d342cec0ab186d189e"}
,"C:\\Users\\mihir\\OneDrive\\Desktop\\Task1\\backend\\src\\middleware\\authenticate.js": {"path":"C:\\Users\\mihir\\OneDrive\\Desktop\\Task1\\backend\\src\\middleware\\authenticate.js","statementMap":{"0":{"start":{"line":1,"column":30},"end":{"line":1,"column":53}},"1":{"start":{"line":2,"column":22},"end":{"line":2,"column":56}},"2":{"start":{"line":11,"column":21},"end":{"line":29,"column":1}},"3":{"start":{"line":12,"column":17},"end":{"line":12,"column":48}},"4":{"start":{"line":13,"column":26},"end":{"line":13,"column":43}},"5":{"start":{"line":15,"column":2},"end":{"line":17,"column":3}},"6":{"start":{"line":16,"column":4},"end":{"line":16,"column":62}},"7":{"start":{"line":19,"column":2},"end":{"line":28,"column":3}},"8":{"start":{"line":20,"column":20},"end":{"line":20,"column":44}},"9":{"start":{"line":21,"column":4},"end":{"line":21,"column":77}},"10":{"start":{"line":22,"column":4},"end":{"line":22,"column":18}},"11":{"start":{"line":24,"column":4},"end":{"line":26,"column":5}},"12":{"start":{"line":25,"column":6},"end":{"line":25,"column":105}},"13":{"start":{"line":27,"column":4},"end":{"line":27,"column":59}},"14":{"start":{"line":31,"column":0},"end":{"line":31,"column":30}}},"fnMap":{"0":{"name":"(anonymous_0)","decl":{"start":{"line":11,"column":21},"end":{"line":11,"column":22}},"loc":{"start":{"line":11,"column":41},"end":{"line":29,"column":1}},"line":11}},"branchMap":{"0":{"loc":{"start":{"line":12,"column":17},"end":{"line":12,"column":48}},"type":"binary-expr","locations":[{"start":{"line":12,"column":17},"end":{"line":12,"column":42}},{"start":{"line":12,"column":46},"end":{"line":12,"column":48}}],"line":12},"1":{"loc":{"start":{"line":15,"column":2},"end":{"line":17,"column":3}},"type":"if","locations":[{"start":{"line":15,"column":2},"end":{"line":17,"column":3}},{"start":{},"end":{}}],"line":15},"2":{"loc":{"start":{"line":15,"column":6},"end":{"line":15,"column":35}},"type":"binary-expr","locations":[{"start":{"line":15,"column":6},"end":{"line":15,"column":25}},{"start":{"line":15,"column":29},"end":{"line":15,"column":35}}],"line":15},"3":{"loc":{"start":{"line":24,"column":4},"end":{"line":26,"column":5}},"type":"if","locations":[{"start":{"line":24,"column":4},"end":{"line":26,"column":5}},{"start":{},"end":{}}],"line":24}},"s":{"0":2,"1":2,"2":2,"3":12,"4":12,"5":12,"6":2,"7":10,"8":10,"9":7,"10":7,"11":3,"12":1,"13":2,"14":2},"f":{"0":12},"b":{"0":[12,2],"1":[2,10],"2":[12,10],"3":[1,2]},"_coverageSchema":"1a1c01bbd47fc00a2c39e90264f33305004495a9","hash":"a95566421d9e0a8de39f38b3ce628cafbcf1e6bd"}
,"C:\\Users\\mihir\\OneDrive\\Desktop\\Task1\\backend\\src\\middleware\\authorize.js": {"path":"C:\\Users\\mihir\\OneDrive\\Desktop\\Task1\\backend\\src\\middleware\\authorize.js","statementMap":{"0":{"start":{"line":1,"column":22},"end":{"line":1,"column":56}},"1":{"start":{"line":10,"column":18},"end":{"line":18,"column":1}},"2":{"start":{"line":10,"column":32},"end":{"line":18,"column":1}},"3":{"start":{"line":11,"column":2},"end":{"line":13,"column":3}},"4":{"start":{"line":12,"column":4},"end":{"line":12,"column":62}},"5":{"start":{"line":14,"column":2},"end":{"line":16,"column":3}},"6":{"start":{"line":15,"column":4},"end":{"line":15,"column":63}},"7":{"start":{"line":17,"column":2},"end":{"line":17,"column":16}},"8":{"start":{"line":20,"column":0},"end":{"line":20,"column":27}}},"fnMap":{"0":{"name":"(anonymous_0)","decl":{"start":{"line":10,"column":18},"end":{"line":10,"column":19}},"loc":{"start":{"line":10,"column":32},"end":{"line":18,"column":1}},"line":10},"1":{"name":"(anonymous_1)","decl":{"start":{"line":10,"column":32},"end":{"line":10,"column":33}},"loc":{"start":{"line":10,"column":52},"end":{"line":18,"column":1}},"line":10}},"branchMap":{"0":{"loc":{"start":{"line":11,"column":2},"end":{"line":13,"column":3}},"type":"if","locations":[{"start":{"line":11,"column":2},"end":{"line":13,"column":3}},{"start":{},"end":{}}],"line":11},"1":{"loc":{"start":{"line":14,"column":2},"end":{"line":16,"column":3}},"type":"if","locations":[{"start":{"line":14,"column":2},"end":{"line":16,"column":3}},{"start":{},"end":{}}],"line":14}},"s":{"0":1,"1":1,"2":3,"3":3,"4":1,"5":2,"6":1,"7":1,"8":1},"f":{"0":3,"1":3},"b":{"0":[1,2],"1":[1,1]},"_coverageSchema":"1a1c01bbd47fc00a2c39e90264f33305004495a9","hash":"b84a32fdf560fcd9add1c996795750d318b9f1b8"}
,"C:\\Users\\mihir\\OneDrive\\Desktop\\Task1\\backend\\src\\middleware\\errorHandler.js": {"path":"C:\\Users\\mihir\\OneDrive\\Desktop\\Task1\\backend\\src\\middleware\\errorHandler.js","statementMap":{"0":{"start":{"line":1,"column":15},"end":{"line":1,"column":41}},"1":{"start":{"line":2,"column":22},"end":{"line":2,"column":56}},"2":{"start":{"line":11,"column":21},"end":{"line":34,"column":1}},"3":{"start":{"line":12,"column":20},"end":{"line":12,"column":46}},"4":{"start":{"line":14,"column":2},"end":{"line":20,"column":5}},"5":{"start":{"line":23,"column":21},"end":{"line":23,"column":56}},"6":{"start":{"line":26,"column":23},"end":{"line":26,"column":60}},"7":{"start":{"line":27,"column":18},"end":{"line":29,"column":44}},"8":{"start":{"line":31,"column":17},"end":{"line":31,"column":33}},"9":{"start":{"line":33,"column":2},"end":{"line":33,"column":53}},"10":{"start":{"line":36,"column":0},"end":{"line":36,"column":30}}},"fnMap":{"0":{"name":"(anonymous_0)","decl":{"start":{"line":11,"column":21},"end":{"line":11,"column":22}},"loc":{"start":{"line":11,"column":47},"end":{"line":34,"column":1}},"line":11}},"branchMap":{"0":{"loc":{"start":{"line":12,"column":20},"end":{"line":12,"column":46}},"type":"binary-expr","locations":[{"start":{"line":12,"column":20},"end":{"line":12,"column":33}},{"start":{"line":12,"column":37},"end":{"line":12,"column":46}}],"line":12},"1":{"loc":{"start":{"line":23,"column":21},"end":{"line":23,"column":56}},"type":"binary-expr","locations":[{"start":{"line":23,"column":21},"end":{"line":23,"column":35}},{"start":{"line":23,"column":39},"end":{"line":23,"column":49}},{"start":{"line":23,"column":53},"end":{"line":23,"column":56}}],"line":23},"2":{"loc":{"start":{"line":27,"column":18},"end":{"line":29,"column":44}},"type":"cond-expr","locations":[{"start":{"line":28,"column":6},"end":{"line":28,"column":36}},{"start":{"line":29,"column":6},"end":{"line":29,"column":44}}],"line":27},"3":{"loc":{"start":{"line":27,"column":18},"end":{"line":27,"column":52}},"type":"binary-expr","locations":[{"start":{"line":27,"column":18},"end":{"line":27,"column":36}},{"start":{"line":27,"column":40},"end":{"line":27,"column":52}}],"line":27},"4":{"loc":{"start":{"line":29,"column":6},"end":{"line":29,"column":44}},"type":"binary-expr","locations":[{"start":{"line":29,"column":6},"end":{"line":29,"column":17}},{"start":{"line":29,"column":21},"end":{"line":29,"column":44}}],"line":29},"5":{"loc":{"start":{"line":31,"column":17},"end":{"line":31,"column":33}},"type":"binary-expr","locations":[{"start":{"line":31,"column":17},"end":{"line":31,"column":27}},{"start":{"line":31,"column":31},"end":{"line":31,"column":33}}],"line":31}},"s":{"0":1,"1":1,"2":1,"3":0,"4":0,"5":0,"6":0,"7":0,"8":0,"9":0,"10":1},"f":{"0":0},"b":{"0":[0,0],"1":[0,0,0],"2":[0,0],"3":[0,0],"4":[0,0],"5":[0,0]},"_coverageSchema":"1a1c01bbd47fc00a2c39e90264f33305004495a9","hash":"423f86c9fa60f3db7f782bc7c3c7175ecbc4216b"}
,"C:\\Users\\mihir\\OneDrive\\Desktop\\Task1\\backend\\src\\middleware\\rateLimiter.js": {"path":"C:\\Users\\mihir\\OneDrive\\Desktop\\Task1\\backend\\src\\middleware\\rateLimiter.js","statementMap":{"0":{"start":{"line":1,"column":18},"end":{"line":1,"column":47}},"1":{"start":{"line":2,"column":23},"end":{"line":2,"column":50}},"2":{"start":{"line":3,"column":43},"end":{"line":3,"column":69}},"3":{"start":{"line":4,"column":22},"end":{"line":4,"column":46}},"4":{"start":{"line":11,"column":21},"end":{"line":11,"column":73}},"5":{"start":{"line":11,"column":31},"end":{"line":11,"column":72}},"6":{"start":{"line":13,"column":20},"end":{"line":22,"column":1}},"7":{"start":{"line":37,"column":26},"end":{"line":60,"column":1}},"8":{"start":{"line":38,"column":17},"end":{"line":38,"column":28}},"9":{"start":{"line":40,"column":24},"end":{"line":40,"column":68}},"10":{"start":{"line":42,"column":2},"end":{"line":44,"column":3}},"11":{"start":{"line":43,"column":4},"end":{"line":43,"column":25}},"12":{"start":{"line":46,"column":17},"end":{"line":46,"column":33}},"13":{"start":{"line":47,"column":23},"end":{"line":55,"column":4}},"14":{"start":{"line":53,"column":32},"end":{"line":53,"column":52}},"15":{"start":{"line":58,"column":2},"end":{"line":59,"column":70}},"16":{"start":{"line":59,"column":4},"end":{"line":59,"column":69}},"17":{"start":{"line":65,"column":22},"end":{"line":72,"column":1}},"18":{"start":{"line":66,"column":17},"end":{"line":66,"column":28}},"19":{"start":{"line":67,"column":2},"end":{"line":71,"column":5}},"20":{"start":{"line":78,"column":20},"end":{"line":85,"column":1}},"21":{"start":{"line":79,"column":17},"end":{"line":79,"column":28}},"22":{"start":{"line":80,"column":2},"end":{"line":84,"column":5}},"23":{"start":{"line":92,"column":20},"end":{"line":99,"column":1}},"24":{"start":{"line":93,"column":17},"end":{"line":93,"column":28}},"25":{"start":{"line":94,"column":2},"end":{"line":98,"column":5}},"26":{"start":{"line":101,"column":0},"end":{"line":101,"column":80}}},"fnMap":{"0":{"name":"(anonymous_0)","decl":{"start":{"line":11,"column":21},"end":{"line":11,"column":22}},"loc":{"start":{"line":11,"column":31},"end":{"line":11,"column":72}},"line":11},"1":{"name":"(anonymous_1)","decl":{"start":{"line":37,"column":26},"end":{"line":37,"column":27}},"loc":{"start":{"line":37,"column":57},"end":{"line":60,"column":1}},"line":37},"2":{"name":"(anonymous_2)","decl":{"start":{"line":53,"column":19},"end":{"line":53,"column":20}},"loc":{"start":{"line":53,"column":32},"end":{"line":53,"column":52}},"line":53},"3":{"name":"(anonymous_3)","decl":{"start":{"line":58,"column":9},"end":{"line":58,"column":10}},"loc":{"start":{"line":59,"column":4},"end":{"line":59,"column":69}},"line":59},"4":{"name":"(anonymous_4)","decl":{"start":{"line":65,"column":22},"end":{"line":65,"column":23}},"loc":{"start":{"line":65,"column":28},"end":{"line":72,"column":1}},"line":65},"5":{"name":"(anonymous_5)","decl":{"start":{"line":78,"column":20},"end":{"line":78,"column":21}},"loc":{"start":{"line":78,"column":26},"end":{"line":85,"column":1}},"line":78},"6":{"name":"(anonymous_6)","decl":{"start":{"line":92,"column":20},"end":{"line":92,"column":21}},"loc":{"start":{"line":92,"column":26},"end":{"line":99,"column":1}},"line":92}},"branchMap":{"0":{"loc":{"start":{"line":11,"column":31},"end":{"line":11,"column":72}},"type":"cond-expr","locations":[{"start":{"line":11,"column":42},"end":{"line":11,"column":63}},{"start":{"line":11,"column":66},"end":{"line":11,"column":72}}],"line":11},"1":{"loc":{"start":{"line":42,"column":2},"end":{"line":44,"column":3}},"type":"if","locations":[{"start":{"line":42,"column":2},"end":{"line":44,"column":3}},{"start":{},"end":{}}],"line":42},"2":{"loc":{"start":{"line":59,"column":5},"end":{"line":59,"column":52}},"type":"cond-expr","locations":[{"start":{"line":59,"column":24},"end":{"line":59,"column":36}},{"start":{"line":59,"column":39},"end":{"line":59,"column":52}}],"line":59}},"s":{"0":2,"1":2,"2":2,"3":2,"4":2,"5":23,"6":2,"7":2,"8":7,"9":7,"10":7,"11":7,"12":0,"13":0,"14":0,"15":0,"16":0,"17":2,"18":1,"19":1,"20":2,"21":1,"22":1,"23":2,"24":2,"25":2,"26":2},"f":{"0":23,"1":7,"2":0,"3":0,"4":1,"5":1,"6":2},"b":{"0":[9,14],"1":[7,0],"2":[0,0]},"_coverageSchema":"1a1c01bbd47fc00a2c39e90264f33305004495a9","hash":"8b1292fb5b9e6f84a580ecf0a1c34838a6fe533b"}
,"C:\\Users\\mihir\\OneDrive\\Desktop\\Task1\\backend\\src\\middleware\\requestId.js": {"path":"C:\\Users\\mihir\\OneDrive\\Desktop\\Task1\\backend\\src\\middleware\\requestId.js","statementMap":{"0":{"start":{"line":1,"column":23},"end":{"line":1,"column":38}},"1":{"start":{"line":8,"column":28},"end":{"line":12,"column":1}},"2":{"start":{"line":9,"column":2},"end":{"line":9,"column":58}},"3":{"start":{"line":10,"column":2},"end":{"line":10,"column":48}},"4":{"start":{"line":11,"column":2},"end":{"line":11,"column":9}},"5":{"start":{"line":14,"column":0},"end":{"line":14,"column":37}}},"fnMap":{"0":{"name":"(anonymous_0)","decl":{"start":{"line":8,"column":28},"end":{"line":8,"column":29}},"loc":{"start":{"line":8,"column":49},"end":{"line":12,"column":1}},"line":8}},"branchMap":{"0":{"loc":{"start":{"line":9,"column":18},"end":{"line":9,"column":57}},"type":"binary-expr","locations":[{"start":{"line":9,"column":18},"end":{"line":9,"column":45}},{"start":{"line":9,"column":49},"end":{"line":9,"column":57}}],"line":9}},"s":{"0":1,"1":1,"2":10,"3":10,"4":10,"5":1},"f":{"0":10},"b":{"0":[10,10]},"_coverageSchema":"1a1c01bbd47fc00a2c39e90264f33305004495a9","hash":"e2956fa32561ef9bf4b756bea003b4649dad2b78"}
,"C:\\Users\\mihir\\OneDrive\\Desktop\\Task1\\backend\\src\\middleware\\requestLogger.js": {"path":"C:\\Users\\mihir\\OneDrive\\Desktop\\Task1\\backend\\src\\middleware\\requestLogger.js","statementMap":{"0":{"start":{"line":1,"column":15},"end":{"line":1,"column":41}},"1":{"start":{"line":7,"column":32},"end":{"line":37,"column":1}},"2":{"start":{"line":8,"column":20},"end":{"line":8,"column":30}},"3":{"start":{"line":11,"column":22},"end":{"line":11,"column":29}},"4":{"start":{"line":12,"column":2},"end":{"line":34,"column":4}},"5":{"start":{"line":13,"column":21},"end":{"line":13,"column":43}},"6":{"start":{"line":14,"column":20},"end":{"line":22,"column":5}},"7":{"start":{"line":25,"column":4},"end":{"line":31,"column":5}},"8":{"start":{"line":26,"column":6},"end":{"line":26,"column":49}},"9":{"start":{"line":27,"column":11},"end":{"line":31,"column":5}},"10":{"start":{"line":28,"column":6},"end":{"line":28,"column":48}},"11":{"start":{"line":30,"column":6},"end":{"line":30,"column":48}},"12":{"start":{"line":33,"column":4},"end":{"line":33,"column":33}},"13":{"start":{"line":36,"column":2},"end":{"line":36,"column":9}},"14":{"start":{"line":39,"column":0},"end":{"line":39,"column":41}}},"fnMap":{"0":{"name":"(anonymous_0)","decl":{"start":{"line":7,"column":32},"end":{"line":7,"column":33}},"loc":{"start":{"line":7,"column":52},"end":{"line":37,"column":1}},"line":7},"1":{"name":"(anonymous_1)","decl":{"start":{"line":12,"column":12},"end":{"line":12,"column":13}},"loc":{"start":{"line":12,"column":31},"end":{"line":34,"column":3}},"line":12}},"branchMap":{"0":{"loc":{"start":{"line":25,"column":4},"end":{"line":31,"column":5}},"type":"if","locations":[{"start":{"line":25,"column":4},"end":{"line":31,"column":5}},{"start":{"line":27,"column":11},"end":{"line":31,"column":5}}],"line":25},"1":{"loc":{"start":{"line":27,"column":11},"end":{"line":31,"column":5}},"type":"if","locations":[{"start":{"line":27,"column":11},"end":{"line":31,"column":5}},{"start":{"line":29,"column":11},"end":{"line":31,"column":5}}],"line":27}},"s":{"0":1,"1":1,"2":10,"3":10,"4":10,"5":10,"6":10,"7":10,"8":1,"9":9,"10":5,"11":4,"12":10,"13":10,"14":1},"f":{"0":10,"1":10},"b":{"0":[1,9],"1":[5,4]},"_coverageSchema":"1a1c01bbd47fc00a2c39e90264f33305004495a9","hash":"fa3ac0ee381f70c6744115317335d5c86496d33d"}
,"C:\\Users\\mihir\\OneDrive\\Desktop\\Task1\\backend\\src\\middleware\\validate.js": {"path":"C:\\Users\\mihir\\OneDrive\\Desktop\\Task1\\backend\\src\\middleware\\validate.js","statementMap":{"0":{"start":{"line":1,"column":22},"end":{"line":1,"column":56}},"1":{"start":{"line":11,"column":17},"end":{"line":28,"column":1}},"2":{"start":{"line":12,"column":2},"end":{"line":27,"column":4}},"3":{"start":{"line":13,"column":19},"end":{"line":13,"column":45}},"4":{"start":{"line":15,"column":4},"end":{"line":22,"column":5}},"5":{"start":{"line":16,"column":21},"end":{"line":19,"column":9}},"6":{"start":{"line":16,"column":57},"end":{"line":19,"column":7}},"7":{"start":{"line":21,"column":6},"end":{"line":21,"column":63}},"8":{"start":{"line":25,"column":4},"end":{"line":25,"column":27}},"9":{"start":{"line":26,"column":4},"end":{"line":26,"column":11}},"10":{"start":{"line":30,"column":0},"end":{"line":30,"column":26}}},"fnMap":{"0":{"name":"(anonymous_0)","decl":{"start":{"line":11,"column":17},"end":{"line":11,"column":18}},"loc":{"start":{"line":11,"column":29},"end":{"line":28,"column":1}},"line":11},"1":{"name":"(anonymous_1)","decl":{"start":{"line":12,"column":9},"end":{"line":12,"column":10}},"loc":{"start":{"line":12,"column":30},"end":{"line":27,"column":3}},"line":12},"2":{"name":"(anonymous_2)","decl":{"start":{"line":16,"column":45},"end":{"line":16,"column":46}},"loc":{"start":{"line":16,"column":57},"end":{"line":19,"column":7}},"line":16}},"branchMap":{"0":{"loc":{"start":{"line":15,"column":4},"end":{"line":22,"column":5}},"type":"if","locations":[{"start":{"line":15,"column":4},"end":{"line":22,"column":5}},{"start":{},"end":{}}],"line":15}},"s":{"0":1,"1":1,"2":5,"3":2,"4":2,"5":1,"6":1,"7":1,"8":1,"9":1,"10":1},"f":{"0":5,"1":2,"2":1},"b":{"0":[1,1]},"_coverageSchema":"1a1c01bbd47fc00a2c39e90264f33305004495a9","hash":"5c7fd9b45356f9766aca5c48b792805f41881f63"}
,"C:\\Users\\mihir\\OneDrive\\Desktop\\Task1\\backend\\src\\models\\task.model.js": {"path":"C:\\Users\\mihir\\OneDrive\\Desktop\\Task1\\backend\\src\\models\\task.model.js","statementMap":{"0":{"start":{"line":1,"column":14},"end":{"line":1,"column":28}},"1":{"start":{"line":2,"column":30},"end":{"line":2,"column":59}},"2":{"start":{"line":8,"column":22},"end":{"line":8,"column":61}},"3":{"start":{"line":10,"column":25},"end":{"line":38,"column":2}},"4":{"start":{"line":32,"column":23},"end":{"line":34,"column":7}},"5":{"start":{"line":40,"column":25},"end":{"line":65,"column":2}},"6":{"start":{"line":60,"column":23},"end":{"line":62,"column":7}},"7":{"start":{"line":68,"column":19},"end":{"line":68,"column":70}},"8":{"start":{"line":74,"column":19},"end":{"line":74,"column":26}},"9":{"start":{"line":75,"column":27},"end":{"line":75,"column":42}},"10":{"start":{"line":83,"column":16},"end":{"line":96,"column":1}},"11":{"start":{"line":84,"column":19},"end":{"line":84,"column":38}},"12":{"start":{"line":85,"column":14},"end":{"line":88,"column":46}},"13":{"start":{"line":90,"column":2},"end":{"line":92,"column":3}},"14":{"start":{"line":91,"column":4},"end":{"line":91,"column":41}},"15":{"start":{"line":94,"column":26},"end":{"line":94,"column":37}},"16":{"start":{"line":95,"column":2},"end":{"line":95,"column":25}},"17":{"start":{"line":103,"column":17},"end":{"line":112,"column":1}},"18":{"start":{"line":104,"column":19},"end":{"line":104,"column":38}},"19":{"start":{"line":105,"column":26},"end":{"line":109,"column":13}},"20":{"start":{"line":111,"column":2},"end":{"line":111,"column":25}},"21":{"start":{"line":120,"column":15},"end":{"line":129,"column":1}},"22":{"start":{"line":121,"column":19},"end":{"line":121,"column":38}},"23":{"start":{"line":122,"column":26},"end":{"line":126,"column":13}},"24":{"start":{"line":128,"column":2},"end":{"line":128,"column":25}},"25":{"start":{"line":137,"column":15},"end":{"line":147,"column":1}},"26":{"start":{"line":138,"column":19},"end":{"line":138,"column":38}},"27":{"start":{"line":139,"column":26},"end":{"line":144,"column":13}},"28":{"start":{"line":146,"column":2},"end":{"line":146,"column":25}},"29":{"start":{"line":154,"column":15},"end":{"line":164,"column":1}},"30":{"start":{"line":155,"column":19},"end":{"line":155,"column":38}},"31":{"start":{"line":156,"column":26},"end":{"line":161,"column":13}},"32":{"start":{"line":163,"column":2},"end":{"line":163,"column":25}},"33":{"start":{"line":171,"column":20},"end":{"line":187,"column":1}},"34":{"start":{"line":172,"column":19},"end":{"line":172,"column":38}},"35":{"start":{"line":173,"column":26},"end":{"line":184,"column":13}},"36":{"start":{"line":186,"column":2},"end":{"line":186,"column":25}},"37":{"start":{"line":195,"column":23},"end":{"line":208,"column":1}},"38":{"start":{"line":196,"column":19},"end":{"line":196,"column":38}},"39":{"start":{"line":197,"column":14},"end":{"line":200,"column":46}},"40":{"start":{"line":202,"column":2},"end":{"line":204,"column":3}},"41":{"start":{"line":203,"column":4},"end":{"line":203,"column":41}},"42":{"start":{"line":206,"column":26},"end":{"line":206,"column":37}},"43":{"start":{"line":207,"column":2},"end":{"line":207,"column":25}},"44":{"start":{"line":210,"column":0},"end":{"line":224,"column":2}}},"fnMap":{"0":{"name":"(anonymous_0)","decl":{"start":{"line":32,"column":16},"end":{"line":32,"column":17}},"loc":{"start":{"line":32,"column":23},"end":{"line":34,"column":7}},"line":32},"1":{"name":"(anonymous_1)","decl":{"start":{"line":60,"column":16},"end":{"line":60,"column":17}},"loc":{"start":{"line":60,"column":23},"end":{"line":62,"column":7}},"line":60},"2":{"name":"(anonymous_2)","decl":{"start":{"line":83,"column":16},"end":{"line":83,"column":17}},"loc":{"start":{"line":83,"column":32},"end":{"line":96,"column":1}},"line":83},"3":{"name":"(anonymous_3)","decl":{"start":{"line":103,"column":17},"end":{"line":103,"column":18}},"loc":{"start":{"line":103,"column":31},"end":{"line":112,"column":1}},"line":103},"4":{"name":"(anonymous_4)","decl":{"start":{"line":120,"column":15},"end":{"line":120,"column":16}},"loc":{"start":{"line":120,"column":43},"end":{"line":129,"column":1}},"line":120},"5":{"name":"(anonymous_5)","decl":{"start":{"line":137,"column":15},"end":{"line":137,"column":16}},"loc":{"start":{"line":137,"column":38},"end":{"line":147,"column":1}},"line":137},"6":{"name":"(anonymous_6)","decl":{"start":{"line":154,"column":15},"end":{"line":154,"column":16}},"loc":{"start":{"line":154,"column":29},"end":{"line":164,"column":1}},"line":154},"7":{"name":"(anonymous_7)","decl":{"start":{"line":171,"column":20},"end":{"line":171,"column":21}},"loc":{"start":{"line":171,"column":36},"end":{"line":187,"column":1}},"line":171},"8":{"name":"(anonymous_8)","decl":{"start":{"line":195,"column":23},"end":{"line":195,"column":24}},"loc":{"start":{"line":195,"column":39},"end":{"line":208,"column":1}},"line":195}},"branchMap":{"0":{"loc":{"start":{"line":90,"column":2},"end":{"line":92,"column":3}},"type":"if","locations":[{"start":{"line":90,"column":2},"end":{"line":92,"column":3}},{"start":{},"end":{}}],"line":90},"1":{"loc":{"start":{"line":90,"column":6},"end":{"line":90,"column":36}},"type":"binary-expr","locations":[{"start":{"line":90,"column":6},"end":{"line":90,"column":11}},{"start":{"line":90,"column":15},"end":{"line":90,"column":36}}],"line":90},"2":{"loc":{"start":{"line":178,"column":19},"end":{"line":178,"column":43}},"type":"binary-expr","locations":[{"start":{"line":178,"column":19},"end":{"line":178,"column":35}},{"start":{"line":178,"column":39},"end":{"line":178,"column":43}}],"line":178},"3":{"loc":{"start":{"line":180,"column":16},"end":{"line":180,"column":37}},"type":"binary-expr","locations":[{"start":{"line":180,"column":16},"end":{"line":180,"column":29}},{"start":{"line":180,"column":33},"end":{"line":180,"column":37}}],"line":180},"4":{"loc":{"start":{"line":181,"column":15},"end":{"line":181,"column":35}},"type":"binary-expr","locations":[{"start":{"line":181,"column":15},"end":{"line":181,"column":27}},{"start":{"line":181,"column":31},"end":{"line":181,"column":35}}],"line":181},"5":{"loc":{"start":{"line":202,"column":2},"end":{"line":204,"column":3}},"type":"if","locations":[{"start":{"line":202,"column":2},"end":{"line":204,"column":3}},{"start":{},"end":{}}],"line":202},"6":{"loc":{"start":{"line":202,"column":6},"end":{"line":202,"column":36}},"type":"binary-expr","locations":[{"start":{"line":202,"column":6},"end":{"line":202,"column":11}},{"start":{"line":202,"column":15},"end":{"line":202,"column":36}}],"line":202}},"s":{"0":4,"1":4,"2":4,"3":4,"4":1,"5":4,"6":0,"7":4,"8":4,"9":4,"10":4,"11":0,"12":0,"13":0,"14":0,"15":0,"16":0,"17":4,"18":0,"19":0,"20":0,"21":4,"22":0,"23":0,"24":0,"25":4,"26":0,"27":0,"28":0,"29":4,"30":0,"31":0,"32":0,"33":4,"34":0,"35":0,"36":0,"37":4,"38":0,"39":0,"40":0,"41":0,"42":0,"43":0,"44":4},"f":{"0":1,"1":0,"2":0,"3":0,"4":0,"5":0,"6":0,"7":0,"8":0},"b":{"0":[0,0],"1":[0,0],"2":[0,0],"3":[0,0],"4":[0,0],"5":[0,0],"6":[0,0]},"_coverageSchema":"1a1c01bbd47fc00a2c39e90264f33305004495a9","hash":"2ab1bae516dcba4b80b7e3108ac365a74fc080e7"}
,"C:\\Users\\mihir\\OneDrive\\Desktop\\Task1\\backend\\src\\models\\user.model.js": {"path":"C:\\Users\\mihir\\OneDrive\\Desktop\\Task1\\backend\\src\\models\\user.model.js","statementMap":{"0":{"start":{"line":1,"column":14},"end":{"line":1,"column":28}},"1":{"start":{"line":2,"column":30},"end":{"line":2,"column":59}},"2":{"start":{"line":8,"column":19},"end":{"line":8,"column":36}},"3":{"start":{"line":10,"column":21},"end":{"line":28,"column":2}},"4":{"start":{"line":25,"column":23},"end":{"line":25,"column":83}},"5":{"start":{"line":30,"column":20},"end":{"line":37,"column":2}},"6":{"start":{"line":39,"column":22},"end":{"line":41,"column":2}},"7":{"start":{"line":47,"column":20},"end":{"line":47,"column":27}},"8":{"start":{"line":48,"column":22},"end":{"line":48,"column":38}},"9":{"start":{"line":50,"column":20},"end":{"line":59,"column":1}},"10":{"start":{"line":51,"column":19},"end":{"line":51,"column":38}},"11":{"start":{"line":52,"column":26},"end":{"line":56,"column":18}},"12":{"start":{"line":58,"column":2},"end":{"line":58,"column":25}},"13":{"start":{"line":61,"column":17},"end":{"line":70,"column":1}},"14":{"start":{"line":62,"column":19},"end":{"line":62,"column":38}},"15":{"start":{"line":63,"column":26},"end":{"line":67,"column":18}},"16":{"start":{"line":69,"column":2},"end":{"line":69,"column":25}},"17":{"start":{"line":72,"column":19},"end":{"line":81,"column":1}},"18":{"start":{"line":73,"column":19},"end":{"line":73,"column":38}},"19":{"start":{"line":74,"column":26},"end":{"line":78,"column":13}},"20":{"start":{"line":80,"column":2},"end":{"line":80,"column":25}},"21":{"start":{"line":87,"column":26},"end":{"line":96,"column":1}},"22":{"start":{"line":88,"column":19},"end":{"line":88,"column":38}},"23":{"start":{"line":89,"column":26},"end":{"line":93,"column":13}},"24":{"start":{"line":95,"column":2},"end":{"line":95,"column":25}},"25":{"start":{"line":98,"column":25},"end":{"line":107,"column":1}},"26":{"start":{"line":99,"column":19},"end":{"line":99,"column":38}},"27":{"start":{"line":100,"column":26},"end":{"line":104,"column":18}},"28":{"start":{"line":106,"column":2},"end":{"line":106,"column":25}},"29":{"start":{"line":109,"column":27},"end":{"line":119,"column":1}},"30":{"start":{"line":110,"column":19},"end":{"line":110,"column":38}},"31":{"start":{"line":111,"column":26},"end":{"line":116,"column":18}},"32":{"start":{"line":118,"column":2},"end":{"line":118,"column":25}},"33":{"start":{"line":121,"column":25},"end":{"line":129,"column":1}},"34":{"start":{"line":122,"column":19},"end":{"line":122,"column":38}},"35":{"start":{"line":123,"column":20},"end":{"line":126,"column":27}},"36":{"start":{"line":128,"column":2},"end":{"line":128,"column":19}},"37":{"start":{"line":131,"column":0},"end":{"line":146,"column":2}}},"fnMap":{"0":{"name":"(anonymous_0)","decl":{"start":{"line":25,"column":16},"end":{"line":25,"column":17}},"loc":{"start":{"line":25,"column":23},"end":{"line":25,"column":83}},"line":25},"1":{"name":"(anonymous_1)","decl":{"start":{"line":50,"column":20},"end":{"line":50,"column":21}},"loc":{"start":{"line":50,"column":37},"end":{"line":59,"column":1}},"line":50},"2":{"name":"(anonymous_2)","decl":{"start":{"line":61,"column":17},"end":{"line":61,"column":18}},"loc":{"start":{"line":61,"column":31},"end":{"line":70,"column":1}},"line":61},"3":{"name":"(anonymous_3)","decl":{"start":{"line":72,"column":19},"end":{"line":72,"column":20}},"loc":{"start":{"line":72,"column":70},"end":{"line":81,"column":1}},"line":72},"4":{"name":"(anonymous_4)","decl":{"start":{"line":87,"column":26},"end":{"line":87,"column":27}},"loc":{"start":{"line":87,"column":73},"end":{"line":96,"column":1}},"line":87},"5":{"name":"(anonymous_5)","decl":{"start":{"line":98,"column":25},"end":{"line":98,"column":26}},"loc":{"start":{"line":98,"column":47},"end":{"line":107,"column":1}},"line":98},"6":{"name":"(anonymous_6)","decl":{"start":{"line":109,"column":27},"end":{"line":109,"column":28}},"loc":{"start":{"line":109,"column":49},"end":{"line":119,"column":1}},"line":109},"7":{"name":"(anonymous_7)","decl":{"start":{"line":121,"column":25},"end":{"line":121,"column":26}},"loc":{"start":{"line":121,"column":44},"end":{"line":129,"column":1}},"line":121}},"branchMap":{"0":{"loc":{"start":{"line":72,"column":50},"end":{"line":72,"column":63}},"type":"default-arg","locations":[{"start":{"line":72,"column":57},"end":{"line":72,"column":63}}],"line":72}},"s":{"0":2,"1":2,"2":2,"3":2,"4":0,"5":2,"6":2,"7":2,"8":2,"9":2,"10":0,"11":0,"12":0,"13":2,"14":0,"15":0,"16":0,"17":2,"18":0,"19":0,"20":0,"21":2,"22":0,"23":0,"24":0,"25":2,"26":0,"27":0,"28":0,"29":2,"30":0,"31":0,"32":0,"33":2,"34":0,"35":0,"36":0,"37":2},"f":{"0":0,"1":0,"2":0,"3":0,"4":0,"5":0,"6":0,"7":0},"b":{"0":[0]},"_coverageSchema":"1a1c01bbd47fc00a2c39e90264f33305004495a9","hash":"8d828bae56ba16ab36bef031e7c2087866321d59"}
,"C:\\Users\\mihir\\OneDrive\\Desktop\\Task1\\backend\\src\\routes\\auth.routes.js": {"path":"C:\\Users\\mihir\\OneDrive\\Desktop\\Task1\\backend\\src\\routes\\auth.routes.js","statementMap":{"0":{"start":{"line":1,"column":19},"end":{"line":1,"column":37}},"1":{"start":{"line":2,"column":23},"end":{"line":2,"column":64}},"2":{"start":{"line":3,"column":17},"end":{"line":3,"column":50}},"3":{"start":{"line":4,"column":21},"end":{"line":4,"column":58}},"4":{"start":{"line":5,"column":24},"end":{"line":5,"column":60}},"5":{"start":{"line":6,"column":53},"end":{"line":6,"column":84}},"6":{"start":{"line":8,"column":15},"end":{"line":8,"column":23}},"7":{"start":{"line":11,"column":16},"end":{"line":11,"column":29}},"8":{"start":{"line":13,"column":0},"end":{"line":13,"column":79}},"9":{"start":{"line":14,"column":0},"end":{"line":14,"column":76}},"10":{"start":{"line":15,"column":0},"end":{"line":15,"column":82}},"11":{"start":{"line":16,"column":0},"end":{"line":16,"column":46}},"12":{"start":{"line":17,"column":0},"end":{"line":17,"column":51}},"13":{"start":{"line":19,"column":0},"end":{"line":19,"column":24}}},"fnMap":{},"branchMap":{},"s":{"0":1,"1":1,"2":1,"3":1,"4":1,"5":1,"6":1,"7":1,"8":1,"9":1,"10":1,"11":1,"12":1,"13":1},"f":{},"b":{},"_coverageSchema":"1a1c01bbd47fc00a2c39e90264f33305004495a9","hash":"0e66501953b007e9df443b0d0707327c276b1574"}
,"C:\\Users\\mihir\\OneDrive\\Desktop\\Task1\\backend\\src\\routes\\health.routes.js": {"path":"C:\\Users\\mihir\\OneDrive\\Desktop\\Task1\\backend\\src\\routes\\health.routes.js","statementMap":{"0":{"start":{"line":1,"column":19},"end":{"line":1,"column":37}},"1":{"start":{"line":2,"column":25},"end":{"line":2,"column":68}},"2":{"start":{"line":4,"column":15},"end":{"line":4,"column":23}},"3":{"start":{"line":6,"column":0},"end":{"line":6,"column":44}},"4":{"start":{"line":8,"column":0},"end":{"line":8,"column":24}}},"fnMap":{},"branchMap":{},"s":{"0":1,"1":1,"2":1,"3":1,"4":1},"f":{},"b":{},"_coverageSchema":"1a1c01bbd47fc00a2c39e90264f33305004495a9","hash":"8d5cd02f5a2034ebb7c14605de298c17b2dc31c5"}
,"C:\\Users\\mihir\\OneDrive\\Desktop\\Task1\\backend\\src\\routes\\index.js": {"path":"C:\\Users\\mihir\\OneDrive\\Desktop\\Task1\\backend\\src\\routes\\index.js","statementMap":{"0":{"start":{"line":1,"column":19},"end":{"line":1,"column":37}},"1":{"start":{"line":2,"column":19},"end":{"line":2,"column":43}},"2":{"start":{"line":3,"column":19},"end":{"line":3,"column":43}},"3":{"start":{"line":4,"column":21},"end":{"line":4,"column":47}},"4":{"start":{"line":5,"column":21},"end":{"line":5,"column":47}},"5":{"start":{"line":7,"column":15},"end":{"line":7,"column":23}},"6":{"start":{"line":10,"column":0},"end":{"line":10,"column":39}},"7":{"start":{"line":11,"column":0},"end":{"line":11,"column":40}},"8":{"start":{"line":12,"column":0},"end":{"line":12,"column":44}},"9":{"start":{"line":15,"column":0},"end":{"line":15,"column":36}},"10":{"start":{"line":17,"column":0},"end":{"line":17,"column":24}}},"fnMap":{},"branchMap":{},"s":{"0":1,"1":1,"2":1,"3":1,"4":1,"5":1,"6":1,"7":1,"8":1,"9":1,"10":1},"f":{},"b":{},"_coverageSchema":"1a1c01bbd47fc00a2c39e90264f33305004495a9","hash":"26139ec250b14b9d37a9533f268a094484ce40cf"}
,"C:\\Users\\mihir\\OneDrive\\Desktop\\Task1\\backend\\src\\routes\\report.routes.js": {"path":"C:\\Users\\mihir\\OneDrive\\Desktop\\Task1\\backend\\src\\routes\\report.routes.js","statementMap":{"0":{"start":{"line":1,"column":19},"end":{"line":1,"column":37}},"1":{"start":{"line":2,"column":25},"end":{"line":2,"column":68}},"2":{"start":{"line":3,"column":21},"end":{"line":3,"column":58}},"3":{"start":{"line":4,"column":24},"end":{"line":4,"column":60}},"4":{"start":{"line":6,"column":15},"end":{"line":6,"column":23}},"5":{"start":{"line":10,"column":0},"end":{"line":10,"column":25}},"6":{"start":{"line":11,"column":0},"end":{"line":11,"column":26}},"7":{"start":{"line":14,"column":0},"end":{"line":14,"column":49}},"8":{"start":{"line":16,"column":0},"end":{"line":16,"column":56}},"9":{"start":{"line":18,"column":0},"end":{"line":18,"column":24}}},"fnMap":{},"branchMap":{},"s":{"0":1,"1":1,"2":1,"3":1,"4":1,"5":1,"6":1,"7":1,"8":1,"9":1},"f":{},"b":{},"_coverageSchema":"1a1c01bbd47fc00a2c39e90264f33305004495a9","hash":"eb85afc59aaddcc54a1f2bd30f6fc72532b6456c"}
,"C:\\Users\\mihir\\OneDrive\\Desktop\\Task1\\backend\\src\\routes\\task.routes.js": {"path":"C:\\Users\\mihir\\OneDrive\\Desktop\\Task1\\backend\\src\\routes\\task.routes.js","statementMap":{"0":{"start":{"line":1,"column":19},"end":{"line":1,"column":37}},"1":{"start":{"line":2,"column":23},"end":{"line":2,"column":64}},"2":{"start":{"line":3,"column":17},"end":{"line":3,"column":50}},"3":{"start":{"line":4,"column":21},"end":{"line":4,"column":58}},"4":{"start":{"line":5,"column":24},"end":{"line":5,"column":60}},"5":{"start":{"line":6,"column":47},"end":{"line":6,"column":78}},"6":{"start":{"line":8,"column":15},"end":{"line":8,"column":23}},"7":{"start":{"line":12,"column":0},"end":{"line":12,"column":25}},"8":{"start":{"line":13,"column":0},"end":{"line":13,"column":26}},"9":{"start":{"line":15,"column":0},"end":{"line":15,"column":72}},"10":{"start":{"line":16,"column":0},"end":{"line":16,"column":44}},"11":{"start":{"line":18,"column":0},"end":{"line":18,"column":55}},"12":{"start":{"line":19,"column":0},"end":{"line":19,"column":47}},"13":{"start":{"line":20,"column":0},"end":{"line":20,"column":74}},"14":{"start":{"line":21,"column":0},"end":{"line":21,"column":49}},"15":{"start":{"line":23,"column":0},"end":{"line":23,"column":24}}},"fnMap":{},"branchMap":{},"s":{"0":1,"1":1,"2":1,"3":1,"4":1,"5":1,"6":1,"7":1,"8":1,"9":1,"10":1,"11":1,"12":1,"13":1,"14":1,"15":1},"f":{},"b":{},"_coverageSchema":"1a1c01bbd47fc00a2c39e90264f33305004495a9","hash":"bcf97e45ce558ae2d2de7ca49998c41cf8092f8f"}
,"C:\\Users\\mihir\\OneDrive\\Desktop\\Task1\\backend\\src\\services\\email.service.js": {"path":"C:\\Users\\mihir\\OneDrive\\Desktop\\Task1\\backend\\src\\services\\email.service.js","statementMap":{"0":{"start":{"line":1,"column":19},"end":{"line":1,"column":40}},"1":{"start":{"line":2,"column":22},"end":{"line":2,"column":46}},"2":{"start":{"line":3,"column":15},"end":{"line":3,"column":41}},"3":{"start":{"line":5,"column":18},"end":{"line":5,"column":22}},"4":{"start":{"line":14,"column":23},"end":{"line":22,"column":1}},"5":{"start":{"line":15,"column":2},"end":{"line":20,"column":3}},"6":{"start":{"line":16,"column":19},"end":{"line":16,"column":30}},"7":{"start":{"line":17,"column":4},"end":{"line":19,"column":60}},"8":{"start":{"line":21,"column":2},"end":{"line":21,"column":21}},"9":{"start":{"line":28,"column":18},"end":{"line":39,"column":1}},"10":{"start":{"line":29,"column":17},"end":{"line":29,"column":28}},"11":{"start":{"line":30,"column":15},"end":{"line":36,"column":4}},"12":{"start":{"line":37,"column":2},"end":{"line":37,"column":72}},"13":{"start":{"line":38,"column":2},"end":{"line":38,"column":14}},"14":{"start":{"line":42,"column":25},"end":{"line":44,"column":1}},"15":{"start":{"line":43,"column":2},"end":{"line":43,"column":21}},"16":{"start":{"line":46,"column":0},"end":{"line":46,"column":65}}},"fnMap":{"0":{"name":"(anonymous_0)","decl":{"start":{"line":14,"column":23},"end":{"line":14,"column":24}},"loc":{"start":{"line":14,"column":29},"end":{"line":22,"column":1}},"line":14},"1":{"name":"(anonymous_1)","decl":{"start":{"line":28,"column":18},"end":{"line":28,"column":19}},"loc":{"start":{"line":28,"column":57},"end":{"line":39,"column":1}},"line":28},"2":{"name":"(anonymous_2)","decl":{"start":{"line":42,"column":25},"end":{"line":42,"column":26}},"loc":{"start":{"line":42,"column":31},"end":{"line":44,"column":1}},"line":42}},"branchMap":{"0":{"loc":{"start":{"line":15,"column":2},"end":{"line":20,"column":3}},"type":"if","locations":[{"start":{"line":15,"column":2},"end":{"line":20,"column":3}},{"start":{},"end":{}}],"line":15},"1":{"loc":{"start":{"line":17,"column":18},"end":{"line":19,"column":59}},"type":"cond-expr","locations":[{"start":{"line":18,"column":8},"end":{"line":18,"column":50}},{"start":{"line":19,"column":8},"end":{"line":19,"column":59}}],"line":17}},"s":{"0":1,"1":1,"2":1,"3":1,"4":1,"5":0,"6":0,"7":0,"8":0,"9":1,"10":0,"11":0,"12":0,"13":0,"14":1,"15":0,"16":1},"f":{"0":0,"1":0,"2":0},"b":{"0":[0,0],"1":[0,0]},"_coverageSchema":"1a1c01bbd47fc00a2c39e90264f33305004495a9","hash":"48ae60a7bf56b7d7119493c5e4c2d8ac2da7b344"}
,"C:\\Users\\mihir\\OneDrive\\Desktop\\Task1\\backend\\src\\services\\report.service.js": {"path":"C:\\Users\\mihir\\OneDrive\\Desktop\\Task1\\backend\\src\\services\\report.service.js","statementMap":{"0":{"start":{"line":1,"column":18},"end":{"line":1,"column":49}},"1":{"start":{"line":2,"column":27},"end":{"line":2,"column":53}},"2":{"start":{"line":3,"column":22},"end":{"line":3,"column":46}},"3":{"start":{"line":4,"column":22},"end":{"line":4,"column":48}},"4":{"start":{"line":5,"column":15},"end":{"line":5,"column":41}},"5":{"start":{"line":7,"column":14},"end":{"line":7,"column":71}},"6":{"start":{"line":7,"column":22},"end":{"line":7,"column":71}},"7":{"start":{"line":7,"column":47},"end":{"line":7,"column":70}},"8":{"start":{"line":18,"column":20},"end":{"line":47,"column":1}},"9":{"start":{"line":19,"column":33},"end":{"line":19,"column":62}},"10":{"start":{"line":20,"column":2},"end":{"line":23,"column":3}},"11":{"start":{"line":22,"column":4},"end":{"line":22,"column":73}},"12":{"start":{"line":25,"column":15},"end":{"line":25,"column":26}},"13":{"start":{"line":26,"column":14},"end":{"line":26,"column":24}},"14":{"start":{"line":28,"column":19},"end":{"line":28,"column":63}},"15":{"start":{"line":29,"column":16},"end":{"line":29,"column":17}},"16":{"start":{"line":30,"column":2},"end":{"line":35,"column":3}},"17":{"start":{"line":31,"column":4},"end":{"line":31,"column":72}},"18":{"start":{"line":31,"column":45},"end":{"line":31,"column":72}},"19":{"start":{"line":32,"column":4},"end":{"line":34,"column":5}},"20":{"start":{"line":33,"column":6},"end":{"line":33,"column":19}},"21":{"start":{"line":37,"column":16},"end":{"line":37,"column":27}},"22":{"start":{"line":38,"column":25},"end":{"line":38,"column":83}},"23":{"start":{"line":40,"column":2},"end":{"line":46,"column":4}},"24":{"start":{"line":50,"column":26},"end":{"line":64,"column":1}},"25":{"start":{"line":51,"column":12},"end":{"line":51,"column":25}},"26":{"start":{"line":52,"column":2},"end":{"line":63,"column":15}},"27":{"start":{"line":66,"column":22},"end":{"line":66,"column":61}},"28":{"start":{"line":66,"column":33},"end":{"line":66,"column":61}},"29":{"start":{"line":75,"column":23},"end":{"line":79,"column":1}},"30":{"start":{"line":76,"column":16},"end":{"line":76,"column":32}},"31":{"start":{"line":77,"column":14},"end":{"line":77,"column":79}},"32":{"start":{"line":78,"column":2},"end":{"line":78,"column":22}},"33":{"start":{"line":82,"column":26},"end":{"line":85,"column":1}},"34":{"start":{"line":83,"column":16},"end":{"line":83,"column":32}},"35":{"start":{"line":84,"column":2},"end":{"line":84,"column":40}},"36":{"start":{"line":102,"column":25},"end":{"line":149,"column":1}},"37":{"start":{"line":103,"column":17},"end":{"line":103,"column":28}},"38":{"start":{"line":104,"column":45},"end":{"line":104,"column":53}},"39":{"start":{"line":105,"column":15},"end":{"line":105,"column":35}},"40":{"start":{"line":107,"column":2},"end":{"line":107,"column":31}},"41":{"start":{"line":112,"column":2},"end":{"line":114,"column":3}},"42":{"start":{"line":113,"column":4},"end":{"line":113,"column":48}},"43":{"start":{"line":117,"column":2},"end":{"line":119,"column":3}},"44":{"start":{"line":118,"column":4},"end":{"line":118,"column":69}},"45":{"start":{"line":121,"column":17},"end":{"line":121,"column":40}},"46":{"start":{"line":122,"column":2},"end":{"line":122,"column":31}},"47":{"start":{"line":125,"column":2},"end":{"line":145,"column":3}},"48":{"start":{"line":126,"column":20},"end":{"line":126,"column":48}},"49":{"start":{"line":127,"column":4},"end":{"line":144,"column":5}},"50":{"start":{"line":128,"column":6},"end":{"line":138,"column":7}},"51":{"start":{"line":129,"column":8},"end":{"line":133,"column":11}},"52":{"start":{"line":136,"column":8},"end":{"line":136,"column":40}},"53":{"start":{"line":137,"column":8},"end":{"line":137,"column":18}},"54":{"start":{"line":140,"column":6},"end":{"line":143,"column":9}},"55":{"start":{"line":147,"column":2},"end":{"line":147,"column":32}},"56":{"start":{"line":148,"column":2},"end":{"line":148,"column":16}},"57":{"start":{"line":151,"column":0},"end":{"line":157,"column":2}}},"fnMap":{"0":{"name":"(anonymous_0)","decl":{"start":{"line":7,"column":14},"end":{"line":7,"column":15}},"loc":{"start":{"line":7,"column":22},"end":{"line":7,"column":71}},"line":7},"1":{"name":"(anonymous_1)","decl":{"start":{"line":7,"column":34},"end":{"line":7,"column":35}},"loc":{"start":{"line":7,"column":47},"end":{"line":7,"column":70}},"line":7},"2":{"name":"(anonymous_2)","decl":{"start":{"line":18,"column":20},"end":{"line":18,"column":21}},"loc":{"start":{"line":18,"column":36},"end":{"line":47,"column":1}},"line":18},"3":{"name":"(anonymous_3)","decl":{"start":{"line":50,"column":26},"end":{"line":50,"column":27}},"loc":{"start":{"line":50,"column":38},"end":{"line":64,"column":1}},"line":50},"4":{"name":"(anonymous_4)","decl":{"start":{"line":66,"column":22},"end":{"line":66,"column":23}},"loc":{"start":{"line":66,"column":33},"end":{"line":66,"column":61}},"line":66},"5":{"name":"(anonymous_5)","decl":{"start":{"line":75,"column":23},"end":{"line":75,"column":24}},"loc":{"start":{"line":75,"column":40},"end":{"line":79,"column":1}},"line":75},"6":{"name":"(anonymous_6)","decl":{"start":{"line":82,"column":26},"end":{"line":82,"column":27}},"loc":{"start":{"line":82,"column":43},"end":{"line":85,"column":1}},"line":82},"7":{"name":"(anonymous_7)","decl":{"start":{"line":102,"column":25},"end":{"line":102,"column":26}},"loc":{"start":{"line":102,"column":40},"end":{"line":149,"column":1}},"line":102}},"branchMap":{"0":{"loc":{"start":{"line":20,"column":2},"end":{"line":23,"column":3}},"type":"if","locations":[{"start":{"line":20,"column":2},"end":{"line":23,"column":3}},{"start":{},"end":{}}],"line":20},"1":{"loc":{"start":{"line":25,"column":15},"end":{"line":25,"column":26}},"type":"binary-expr","locations":[{"start":{"line":25,"column":15},"end":{"line":25,"column":20}},{"start":{"line":25,"column":24},"end":{"line":25,"column":26}}],"line":25},"2":{"loc":{"start":{"line":31,"column":4},"end":{"line":31,"column":72}},"type":"if","locations":[{"start":{"line":31,"column":4},"end":{"line":31,"column":72}},{"start":{},"end":{}}],"line":31},"3":{"loc":{"start":{"line":32,"column":4},"end":{"line":34,"column":5}},"type":"if","locations":[{"start":{"line":32,"column":4},"end":{"line":34,"column":5}},{"start":{},"end":{}}],"line":32},"4":{"loc":{"start":{"line":32,"column":8},"end":{"line":32,"column":95}},"type":"binary-expr","locations":[{"start":{"line":32,"column":8},"end":{"line":32,"column":21}},{"start":{"line":32,"column":25},"end":{"line":32,"column":52}},{"start":{"line":32,"column":56},"end":{"line":32,"column":95}}],"line":32},"5":{"loc":{"start":{"line":38,"column":25},"end":{"line":38,"column":83}},"type":"cond-expr","locations":[{"start":{"line":38,"column":33},"end":{"line":38,"column":79}},{"start":{"line":38,"column":82},"end":{"line":38,"column":83}}],"line":38},"6":{"loc":{"start":{"line":41,"column":11},"end":{"line":41,"column":54}},"type":"cond-expr","locations":[{"start":{"line":41,"column":35},"end":{"line":41,"column":46}},{"start":{"line":41,"column":49},"end":{"line":41,"column":54}}],"line":41},"7":{"loc":{"start":{"line":112,"column":2},"end":{"line":114,"column":3}},"type":"if","locations":[{"start":{"line":112,"column":2},"end":{"line":114,"column":3}},{"start":{},"end":{}}],"line":112},"8":{"loc":{"start":{"line":117,"column":2},"end":{"line":119,"column":3}},"type":"if","locations":[{"start":{"line":117,"column":2},"end":{"line":119,"column":3}},{"start":{},"end":{}}],"line":117},"9":{"loc":{"start":{"line":117,"column":6},"end":{"line":117,"column":72}},"type":"binary-expr","locations":[{"start":{"line":117,"column":6},"end":{"line":117,"column":31}},{"start":{"line":117,"column":35},"end":{"line":117,"column":72}}],"line":117},"10":{"loc":{"start":{"line":125,"column":2},"end":{"line":145,"column":3}},"type":"if","locations":[{"start":{"line":125,"column":2},"end":{"line":145,"column":3}},{"start":{},"end":{}}],"line":125},"11":{"loc":{"start":{"line":127,"column":4},"end":{"line":144,"column":5}},"type":"if","locations":[{"start":{"line":127,"column":4},"end":{"line":144,"column":5}},{"start":{"line":139,"column":11},"end":{"line":144,"column":5}}],"line":127}},"s":{"0":1,"1":1,"2":1,"3":1,"4":1,"5":1,"6":0,"7":0,"8":1,"9":6,"10":6,"11":1,"12":5,"13":5,"14":5,"15":5,"16":5,"17":4,"18":4,"19":4,"20":1,"21":5,"22":5,"23":5,"24":1,"25":3,"26":3,"27":1,"28":4,"29":1,"30":3,"31":3,"32":3,"33":1,"34":1,"35":1,"36":1,"37":3,"38":3,"39":3,"40":3,"41":3,"42":0,"43":3,"44":0,"45":3,"46":3,"47":3,"48":3,"49":3,"50":2,"51":2,"52":1,"53":1,"54":1,"55":2,"56":2,"57":1},"f":{"0":0,"1":0,"2":6,"3":3,"4":4,"5":3,"6":1,"7":3},"b":{"0":[1,5],"1":[5,0],"2":[4,0],"3":[1,3],"4":[4,3,2],"5":[1,4],"6":[1,4],"7":[0,3],"8":[0,3],"9":[3,0],"10":[3,0],"11":[2,1]},"_coverageSchema":"1a1c01bbd47fc00a2c39e90264f33305004495a9","hash":"d6b59f39c2f17839dd41cdeae42b954dc1f24acb"}
,"C:\\Users\\mihir\\OneDrive\\Desktop\\Task1\\backend\\src\\utils\\jwt.js": {"path":"C:\\Users\\mihir\\OneDrive\\Desktop\\Task1\\backend\\src\\utils\\jwt.js","statementMap":{"0":{"start":{"line":1,"column":12},"end":{"line":1,"column":35}},"1":{"start":{"line":2,"column":15},"end":{"line":2,"column":32}},"2":{"start":{"line":3,"column":22},"end":{"line":3,"column":46}},"3":{"start":{"line":10,"column":24},"end":{"line":17,"column":1}},"4":{"start":{"line":11,"column":17},"end":{"line":11,"column":28}},"5":{"start":{"line":12,"column":2},"end":{"line":16,"column":4}},"6":{"start":{"line":25,"column":25},"end":{"line":32,"column":1}},"7":{"start":{"line":26,"column":17},"end":{"line":26,"column":28}},"8":{"start":{"line":27,"column":2},"end":{"line":31,"column":4}},"9":{"start":{"line":39,"column":26},"end":{"line":42,"column":1}},"10":{"start":{"line":40,"column":17},"end":{"line":40,"column":28}},"11":{"start":{"line":41,"column":2},"end":{"line":41,"column":51}},"12":{"start":{"line":49,"column":27},"end":{"line":52,"column":1}},"13":{"start":{"line":50,"column":17},"end":{"line":50,"column":28}},"14":{"start":{"line":51,"column":2},"end":{"line":51,"column":52}},"15":{"start":{"line":61,"column":18},"end":{"line":61,"column":84}},"16":{"start":{"line":61,"column":29},"end":{"line":61,"column":84}},"17":{"start":{"line":63,"column":0},"end":{"line":69,"column":2}}},"fnMap":{"0":{"name":"(anonymous_0)","decl":{"start":{"line":10,"column":24},"end":{"line":10,"column":25}},"loc":{"start":{"line":10,"column":34},"end":{"line":17,"column":1}},"line":10},"1":{"name":"(anonymous_1)","decl":{"start":{"line":25,"column":25},"end":{"line":25,"column":26}},"loc":{"start":{"line":25,"column":35},"end":{"line":32,"column":1}},"line":25},"2":{"name":"(anonymous_2)","decl":{"start":{"line":39,"column":26},"end":{"line":39,"column":27}},"loc":{"start":{"line":39,"column":37},"end":{"line":42,"column":1}},"line":39},"3":{"name":"(anonymous_3)","decl":{"start":{"line":49,"column":27},"end":{"line":49,"column":28}},"loc":{"start":{"line":49,"column":38},"end":{"line":52,"column":1}},"line":49},"4":{"name":"(anonymous_4)","decl":{"start":{"line":61,"column":18},"end":{"line":61,"column":19}},"loc":{"start":{"line":61,"column":29},"end":{"line":61,"column":84}},"line":61}},"branchMap":{},"s":{"0":4,"1":4,"2":4,"3":4,"4":4,"5":4,"6":4,"7":2,"8":2,"9":4,"10":13,"11":13,"12":4,"13":1,"14":1,"15":4,"16":3,"17":4},"f":{"0":4,"1":2,"2":13,"3":1,"4":3},"b":{},"_coverageSchema":"1a1c01bbd47fc00a2c39e90264f33305004495a9","hash":"7ddfbbe13998894e6826ec51849426a3a35abdf0"}
,"C:\\Users\\mihir\\OneDrive\\Desktop\\Task1\\backend\\src\\utils\\logger.js": {"path":"C:\\Users\\mihir\\OneDrive\\Desktop\\Task1\\backend\\src\\utils\\logger.js","statementMap":{"0":{"start":{"line":1,"column":16},"end":{"line":1,"column":34}},"1":{"start":{"line":9,"column":15},"end":{"line":28,"column":2}},"2":{"start":{"line":19,"column":24},"end":{"line":19,"column":58}},"3":{"start":{"line":20,"column":26},"end":{"line":20,"column":84}},"4":{"start":{"line":21,"column":12},"end":{"line":21,"column":69}},"5":{"start":{"line":30,"column":0},"end":{"line":30,"column":24}}},"fnMap":{"0":{"name":"(anonymous_0)","decl":{"start":{"line":18,"column":32},"end":{"line":18,"column":33}},"loc":{"start":{"line":18,"column":87},"end":{"line":22,"column":11}},"line":18}},"branchMap":{"0":{"loc":{"start":{"line":10,"column":9},"end":{"line":10,"column":40}},"type":"binary-expr","locations":[{"start":{"line":10,"column":9},"end":{"line":10,"column":30}},{"start":{"line":10,"column":34},"end":{"line":10,"column":40}}],"line":10},"1":{"loc":{"start":{"line":14,"column":4},"end":{"line":23,"column":9}},"type":"cond-expr","locations":[{"start":{"line":15,"column":8},"end":{"line":15,"column":29}},{"start":{"line":16,"column":8},"end":{"line":23,"column":9}}],"line":14},"2":{"loc":{"start":{"line":19,"column":24},"end":{"line":19,"column":58}},"type":"cond-expr","locations":[{"start":{"line":19,"column":36},"end":{"line":19,"column":53}},{"start":{"line":19,"column":56},"end":{"line":19,"column":58}}],"line":19},"3":{"loc":{"start":{"line":20,"column":26},"end":{"line":20,"column":84}},"type":"cond-expr","locations":[{"start":{"line":20,"column":53},"end":{"line":20,"column":79}},{"start":{"line":20,"column":82},"end":{"line":20,"column":84}}],"line":20}},"s":{"0":8,"1":8,"2":0,"3":0,"4":0,"5":8},"f":{"0":0},"b":{"0":[8,0],"1":[0,8],"2":[0,0],"3":[0,0]},"_coverageSchema":"1a1c01bbd47fc00a2c39e90264f33305004495a9","hash":"c63ce8ab638752f2c8879dc2d10cb09e7251e95f"}
,"C:\\Users\\mihir\\OneDrive\\Desktop\\Task1\\backend\\src\\utils\\password.js": {"path":"C:\\Users\\mihir\\OneDrive\\Desktop\\Task1\\backend\\src\\utils\\password.js","statementMap":{"0":{"start":{"line":1,"column":15},"end":{"line":1,"column":34}},"1":{"start":{"line":2,"column":22},"end":{"line":2,"column":46}},"2":{"start":{"line":9,"column":21},"end":{"line":12,"column":1}},"3":{"start":{"line":10,"column":27},"end":{"line":10,"column":38}},"4":{"start":{"line":11,"column":2},"end":{"line":11,"column":42}},"5":{"start":{"line":20,"column":23},"end":{"line":22,"column":1}},"6":{"start":{"line":21,"column":2},"end":{"line":21,"column":37}},"7":{"start":{"line":24,"column":0},"end":{"line":24,"column":50}}},"fnMap":{"0":{"name":"(anonymous_0)","decl":{"start":{"line":9,"column":21},"end":{"line":9,"column":22}},"loc":{"start":{"line":9,"column":38},"end":{"line":12,"column":1}},"line":9},"1":{"name":"(anonymous_1)","decl":{"start":{"line":20,"column":23},"end":{"line":20,"column":24}},"loc":{"start":{"line":20,"column":46},"end":{"line":22,"column":1}},"line":20}},"branchMap":{},"s":{"0":3,"1":3,"2":3,"3":3,"4":3,"5":3,"6":2,"7":3},"f":{"0":3,"1":2},"b":{},"_coverageSchema":"1a1c01bbd47fc00a2c39e90264f33305004495a9","hash":"8cdcd8eca5d3ab0692b10146b06bae14d5f6abb9"}
,"C:\\Users\\mihir\\OneDrive\\Desktop\\Task1\\backend\\src\\utils\\responseHelper.js": {"path":"C:\\Users\\mihir\\OneDrive\\Desktop\\Task1\\backend\\src\\utils\\responseHelper.js","statementMap":{"0":{"start":{"line":14,"column":20},"end":{"line":19,"column":1}},"1":{"start":{"line":15,"column":2},"end":{"line":18,"column":5}},"2":{"start":{"line":28,"column":18},"end":{"line":34,"column":1}},"3":{"start":{"line":29,"column":2},"end":{"line":33,"column":5}},"4":{"start":{"line":36,"column":0},"end":{"line":36,"column":44}}},"fnMap":{"0":{"name":"(anonymous_0)","decl":{"start":{"line":14,"column":20},"end":{"line":14,"column":21}},"loc":{"start":{"line":14,"column":53},"end":{"line":19,"column":1}},"line":14},"1":{"name":"(anonymous_1)","decl":{"start":{"line":28,"column":18},"end":{"line":28,"column":19}},"loc":{"start":{"line":28,"column":67},"end":{"line":34,"column":1}},"line":28}},"branchMap":{"0":{"loc":{"start":{"line":14,"column":32},"end":{"line":14,"column":48}},"type":"default-arg","locations":[{"start":{"line":14,"column":45},"end":{"line":14,"column":48}}],"line":14},"1":{"loc":{"start":{"line":28,"column":33},"end":{"line":28,"column":44}},"type":"default-arg","locations":[{"start":{"line":28,"column":42},"end":{"line":28,"column":44}}],"line":28},"2":{"loc":{"start":{"line":28,"column":46},"end":{"line":28,"column":62}},"type":"default-arg","locations":[{"start":{"line":28,"column":59},"end":{"line":28,"column":62}}],"line":28}},"s":{"0":5,"1":24,"2":5,"3":26,"4":5},"f":{"0":24,"1":26},"b":{"0":[17],"1":[0],"2":[0]},"_coverageSchema":"1a1c01bbd47fc00a2c39e90264f33305004495a9","hash":"c58f29e2ad0f2b5ec3373a304e769c2d3b7b8534"}
}
