TN:
SF:src/app.js
FN:13,(anonymous_0)
FN:58,(anonymous_1)
FNF:2
FNH:1
FNDA:1,(anonymous_0)
FNDA:0,(anonymous_1)
DA:1,1
DA:2,1
DA:3,1
DA:4,1
DA:5,1
DA:6,1
DA:7,1
DA:8,1
DA:9,1
DA:10,1
DA:11,1
DA:13,1
DA:14,1
DA:15,1
DA:19,1
DA:22,1
DA:31,1
DA:34,1
DA:47,1
DA:48,1
DA:51,1
DA:52,1
DA:55,1
DA:58,1
DA:59,0
DA:63,1
DA:65,1
DA:68,1
LF:28
LH:27
BRF:0
BRH:0
end_of_record
TN:
SF:src/controllers/health.controller.js
FN:8,(anonymous_0)
FNF:1
FNH:1
FNDA:2,(anonymous_0)
DA:1,1
DA:2,1
DA:8,1
DA:9,2
DA:10,2
DA:12,2
DA:19,2
DA:20,2
DA:22,0
DA:26,1
LF:10
LH:9
BRDA:13,0,0,1
BRDA:13,0,1,1
BRDA:14,1,0,1
BRDA:14,1,1,1
BRDA:19,2,0,1
BRDA:19,2,1,1
BRF:6
BRH:6
end_of_record
TN:
SF:src/controllers/task.controller.js
FN:14,(anonymous_0)
FN:34,(anonymous_1)
FN:53,(anonymous_2)
FN:79,(anonymous_3)
FN:118,(anonymous_4)
FNF:5
FNH:3
FNDA:1,(anonymous_0)
FNDA:1,(anonymous_1)
FNDA:3,(anonymous_2)
FNDA:0,(anonymous_3)
FNDA:0,(anonymous_4)
DA:1,1
DA:2,1
DA:3,1
DA:14,1
DA:15,1
DA:16,1
DA:18,1
DA:19,0
DA:20,0
DA:23,1
DA:24,1
DA:26,0
DA:34,1
DA:35,1
DA:36,1
DA:38,1
DA:39,0
DA:40,0
DA:43,1
DA:45,0
DA:53,1
DA:54,3
DA:55,3
DA:58,3
DA:59,3
DA:60,1
DA:63,2
DA:65,2
DA:66,1
DA:69,1
DA:71,0
DA:79,1
DA:80,0
DA:81,0
DA:84,0
DA:85,0
DA:86,0
DA:90,0
DA:91,0
DA:92,0
DA:96,0
DA:97,0
DA:100,0
DA:102,0
DA:103,0
DA:104,0
DA:107,0
DA:108,0
DA:110,0
DA:118,1
DA:119,0
DA:120,0
DA:123,0
DA:124,0
DA:125,0
DA:129,0
DA:130,0
DA:131,0
DA:134,0
DA:136,0
DA:137,0
DA:138,0
DA:141,0
DA:142,0
DA:144,0
DA:148,1
LF:66
LH:27
BRDA:18,0,0,0
BRDA:18,0,1,1
BRDA:38,1,0,0
BRDA:38,1,1,1
BRDA:59,2,0,1
BRDA:59,2,1,2
BRDA:65,3,0,1
BRDA:65,3,1,1
BRDA:65,4,0,2
BRDA:65,4,1,2
BRDA:85,5,0,0
BRDA:85,5,1,0
BRDA:91,6,0,0
BRDA:91,6,1,0
BRDA:91,7,0,0
BRDA:91,7,1,0
BRDA:96,8,0,0
BRDA:96,8,1,0
BRDA:102,9,0,0
BRDA:102,9,1,0
BRDA:124,10,0,0
BRDA:124,10,1,0
BRDA:130,11,0,0
BRDA:130,11,1,0
BRDA:130,12,0,0
BRDA:130,12,1,0
BRDA:136,13,0,0
BRDA:136,13,1,0
BRF:28
BRH:8
end_of_record
TN:
SF:src/middleware/errorHandler.js
FN:11,(anonymous_0)
FNF:1
FNH:0
FNDA:0,(anonymous_0)
DA:1,1
DA:2,1
DA:11,1
DA:12,0
DA:14,0
DA:23,0
DA:26,0
DA:27,0
DA:31,0
DA:33,0
DA:36,1
LF:11
LH:4
BRDA:12,0,0,0
BRDA:12,0,1,0
BRDA:23,1,0,0
BRDA:23,1,1,0
BRDA:23,1,2,0
BRDA:27,2,0,0
BRDA:27,2,1,0
BRDA:27,3,0,0
BRDA:27,3,1,0
BRDA:29,4,0,0
BRDA:29,4,1,0
BRDA:31,5,0,0
BRDA:31,5,1,0
BRF:13
BRH:0
end_of_record
TN:
SF:src/middleware/requestId.js
FN:8,(anonymous_0)
FNF:1
FNH:1
FNDA:8,(anonymous_0)
DA:1,1
DA:8,1
DA:9,8
DA:10,8
DA:11,8
DA:14,1
LF:6
LH:6
BRDA:9,0,0,8
BRDA:9,0,1,8
BRF:2
BRH:2
end_of_record
TN:
SF:src/middleware/requestLogger.js
FN:7,(anonymous_0)
FN:12,(anonymous_1)
FNF:2
FNH:2
FNDA:8,(anonymous_0)
FNDA:8,(anonymous_1)
DA:1,1
DA:7,1
DA:8,8
DA:11,8
DA:12,8
DA:13,8
DA:14,8
DA:25,8
DA:26,1
DA:27,7
DA:28,3
DA:30,4
DA:33,8
DA:36,8
DA:39,1
LF:15
LH:15
BRDA:25,0,0,1
BRDA:25,0,1,7
BRDA:27,1,0,3
BRDA:27,1,1,4
BRF:4
BRH:4
end_of_record
TN:
SF:src/middleware/validate.js
FN:11,(anonymous_0)
FN:12,(anonymous_1)
FN:16,(anonymous_2)
FNF:3
FNH:3
FNDA:2,(anonymous_0)
FNDA:2,(anonymous_1)
FNDA:1,(anonymous_2)
DA:1,1
DA:11,1
DA:12,2
DA:13,2
DA:15,2
DA:16,1
DA:21,1
DA:25,1
DA:26,1
DA:30,1
LF:10
LH:10
BRDA:15,0,0,1
BRDA:15,0,1,1
BRF:2
BRH:2
end_of_record
TN:
SF:src/models/task.model.js
FN:32,(anonymous_0)
FN:60,(anonymous_1)
FN:80,(anonymous_2)
FN:95,(anonymous_3)
FN:111,(anonymous_4)
FN:128,(anonymous_5)
FN:145,(anonymous_6)
FNF:7
FNH:0
FNDA:0,(anonymous_0)
FNDA:0,(anonymous_1)
FNDA:0,(anonymous_2)
FNDA:0,(anonymous_3)
FNDA:0,(anonymous_4)
FNDA:0,(anonymous_5)
FNDA:0,(anonymous_6)
DA:1,1
DA:2,1
DA:8,1
DA:10,1
DA:32,0
DA:40,1
DA:60,0
DA:68,1
DA:74,1
DA:80,1
DA:81,0
DA:82,0
DA:87,0
DA:95,1
DA:96,0
DA:97,0
DA:103,0
DA:111,1
DA:112,0
DA:113,0
DA:119,0
DA:128,1
DA:129,0
DA:130,0
DA:137,0
DA:145,1
DA:146,0
DA:147,0
DA:154,0
DA:157,1
LF:30
LH:13
BRF:0
BRH:0
end_of_record
TN:
SF:src/routes/health.routes.js
FNF:0
FNH:0
DA:1,1
DA:2,1
DA:4,1
DA:6,1
DA:8,1
LF:5
LH:5
BRF:0
BRH:0
end_of_record
TN:
SF:src/routes/index.js
FNF:0
FNH:0
DA:1,1
DA:2,1
DA:3,1
DA:5,1
DA:8,1
DA:11,1
DA:13,1
LF:7
LH:7
BRF:0
BRH:0
end_of_record
TN:
SF:src/routes/task.routes.js
FNF:0
FNH:0
DA:1,1
DA:2,1
DA:3,1
DA:4,1
DA:6,1
DA:8,1
DA:9,1
DA:10,1
DA:11,1
DA:12,1
DA:14,1
LF:11
LH:11
BRF:0
BRH:0
end_of_record
TN:
SF:src/utils/logger.js
FN:18,(anonymous_0)
FNF:1
FNH:0
FNDA:0,(anonymous_0)
DA:1,1
DA:9,1
DA:19,0
DA:20,0
DA:21,0
DA:30,1
LF:6
LH:3
BRDA:10,0,0,1
BRDA:10,0,1,0
BRDA:14,1,0,0
BRDA:14,1,1,1
BRDA:19,2,0,0
BRDA:19,2,1,0
BRDA:20,3,0,0
BRDA:20,3,1,0
BRF:8
BRH:2
end_of_record
TN:
SF:src/utils/responseHelper.js
FN:14,(anonymous_0)
FN:28,(anonymous_1)
FNF:2
FNH:2
FNDA:5,(anonymous_0)
FNDA:3,(anonymous_1)
DA:14,1
DA:15,5
DA:28,1
DA:29,3
DA:36,1
LF:5
LH:5
BRDA:14,0,0,2
BRDA:28,1,0,0
BRDA:28,2,0,0
BRF:3
BRH:1
end_of_record
