TN:
SF:src\app.js
FN:13,(anonymous_0)
FN:50,(anonymous_1)
FNF:2
FNH:1
FNDA:1,(anonymous_0)
FNDA:0,(anonymous_1)
DA:1,1
DA:2,1
DA:3,1
DA:4,1
DA:5,1
DA:6,1
DA:7,1
DA:8,1
DA:9,1
DA:10,1
DA:11,1
DA:13,1
DA:14,1
DA:15,1
DA:19,1
DA:22,1
DA:31,1
DA:36,1
DA:39,1
DA:40,1
DA:43,1
DA:44,1
DA:47,1
DA:50,1
DA:51,0
DA:55,1
DA:57,1
DA:60,1
LF:28
LH:27
BRF:0
BRH:0
end_of_record
TN:
SF:src\controllers\auth.controller.js
FN:17,(anonymous_0)
FN:32,(anonymous_1)
FN:37,(anonymous_2)
FN:73,(anonymous_3)
FN:106,(anonymous_4)
FN:148,(anonymous_5)
FN:164,(anonymous_6)
FNF:7
FNH:7
FNDA:3,(anonymous_0)
FNDA:4,(anonymous_1)
FNDA:3,(anonymous_2)
FNDA:3,(anonymous_3)
FNDA:3,(anonymous_4)
FNDA:1,(anonymous_5)
FNDA:1,(anonymous_6)
DA:1,2
DA:2,2
DA:8,2
DA:9,2
DA:10,2
DA:11,2
DA:17,2
DA:18,3
DA:19,3
DA:20,3
DA:22,3
DA:23,3
DA:29,3
DA:32,4
DA:37,2
DA:38,3
DA:39,3
DA:42,3
DA:43,1
DA:46,2
DA:47,2
DA:48,0
DA:49,0
DA:51,2
DA:52,1
DA:55,1
DA:56,1
DA:57,1
DA:58,0
DA:59,0
DA:62,1
DA:63,1
DA:64,1
DA:66,0
DA:73,2
DA:74,3
DA:75,3
DA:77,3
DA:78,3
DA:79,0
DA:80,0
DA:84,3
DA:85,1
DA:88,2
DA:89,2
DA:90,1
DA:93,1
DA:94,1
DA:95,1
DA:97,0
DA:106,2
DA:107,3
DA:108,3
DA:111,3
DA:112,3
DA:114,1
DA:117,2
DA:118,2
DA:119,2
DA:120,0
DA:121,0
DA:125,2
DA:126,1
DA:129,1
DA:130,1
DA:131,0
DA:135,1
DA:136,1
DA:138,1
DA:140,0
DA:148,2
DA:149,1
DA:150,1
DA:151,1
DA:152,1
DA:154,1
DA:156,0
DA:164,2
DA:165,1
DA:166,1
DA:167,1
DA:168,0
DA:170,1
DA:172,0
DA:176,2
LF:85
LH:70
BRDA:42,0,0,1
BRDA:42,0,1,2
BRDA:42,1,0,3
BRDA:42,1,1,1
BRDA:47,2,0,0
BRDA:47,2,1,2
BRDA:51,3,0,1
BRDA:51,3,1,1
BRDA:57,4,0,0
BRDA:57,4,1,1
BRDA:57,5,0,1
BRDA:57,5,1,1
BRDA:58,6,0,0
BRDA:58,6,1,0
BRDA:78,7,0,0
BRDA:78,7,1,3
BRDA:84,8,0,1
BRDA:84,8,1,2
BRDA:89,9,0,1
BRDA:89,9,1,1
BRDA:119,10,0,0
BRDA:119,10,1,2
BRDA:125,11,0,1
BRDA:125,11,1,1
BRDA:125,12,0,2
BRDA:125,12,1,2
BRDA:125,12,2,1
BRDA:130,13,0,0
BRDA:130,13,1,1
BRDA:130,14,0,1
BRDA:130,14,1,1
BRDA:151,15,0,1
BRDA:151,15,1,0
BRDA:167,16,0,0
BRDA:167,16,1,1
BRDA:167,17,0,1
BRDA:167,17,1,1
BRF:37
BRH:28
end_of_record
TN:
SF:src\controllers\health.controller.js
FN:8,(anonymous_0)
FNF:1
FNH:1
FNDA:2,(anonymous_0)
DA:1,1
DA:2,1
DA:8,1
DA:9,2
DA:10,2
DA:12,2
DA:19,2
DA:20,2
DA:22,0
DA:26,1
LF:10
LH:9
BRDA:13,0,0,1
BRDA:13,0,1,1
BRDA:14,1,0,1
BRDA:14,1,1,1
BRDA:19,2,0,1
BRDA:19,2,1,1
BRF:6
BRH:6
end_of_record
TN:
SF:src\controllers\report.controller.js
FN:19,(anonymous_0)
FN:60,(anonymous_1)
FNF:2
FNH:2
FNDA:3,(anonymous_0)
FNDA:5,(anonymous_1)
DA:1,2
DA:2,2
DA:3,2
DA:19,2
DA:20,3
DA:21,3
DA:23,3
DA:30,3
DA:34,2
DA:40,2
DA:50,1
DA:60,2
DA:61,5
DA:62,5
DA:63,5
DA:64,5
DA:66,5
DA:67,1
DA:70,4
DA:71,1
DA:74,3
DA:75,3
DA:83,3
DA:84,1
DA:85,2
DA:86,1
DA:89,3
DA:91,0
DA:95,2
LF:29
LH:28
BRDA:31,0,0,1
BRDA:31,0,1,2
BRDA:66,1,0,1
BRDA:66,1,1,4
BRDA:70,2,0,1
BRDA:70,2,1,3
BRDA:70,3,0,4
BRDA:70,3,1,3
BRDA:78,4,0,3
BRDA:78,4,1,0
BRDA:83,5,0,1
BRDA:83,5,1,2
BRDA:85,6,0,1
BRDA:85,6,1,1
BRF:14
BRH:13
end_of_record
TN:
SF:src\controllers\task.controller.js
FN:14,(anonymous_0)
FN:20,(anonymous_1)
FN:40,(anonymous_2)
FN:59,(anonymous_3)
FN:90,(anonymous_4)
FN:133,(anonymous_5)
FN:182,(anonymous_6)
FNF:7
FNH:7
FNDA:9,(anonymous_0)
FNDA:4,(anonymous_1)
FNDA:4,(anonymous_2)
FNDA:8,(anonymous_3)
FNDA:2,(anonymous_4)
FNDA:3,(anonymous_5)
FNDA:2,(anonymous_6)
DA:1,2
DA:2,2
DA:3,2
DA:14,9
DA:20,2
DA:21,4
DA:22,4
DA:24,3
DA:25,1
DA:26,1
DA:29,2
DA:30,2
DA:32,1
DA:40,2
DA:41,4
DA:42,4
DA:44,4
DA:45,1
DA:46,1
DA:49,3
DA:51,0
DA:59,2
DA:60,8
DA:61,8
DA:64,8
DA:65,8
DA:66,2
DA:69,6
DA:71,6
DA:72,2
DA:76,4
DA:77,1
DA:80,3
DA:82,0
DA:90,2
DA:91,2
DA:92,2
DA:95,2
DA:96,2
DA:97,0
DA:101,2
DA:102,2
DA:103,0
DA:106,2
DA:107,0
DA:111,2
DA:112,1
DA:115,1
DA:117,1
DA:118,0
DA:119,0
DA:122,1
DA:123,1
DA:125,0
DA:133,2
DA:134,3
DA:135,3
DA:138,3
DA:139,3
DA:140,0
DA:144,3
DA:145,3
DA:146,0
DA:149,3
DA:150,1
DA:153,2
DA:155,2
DA:156,0
DA:157,0
DA:162,2
DA:163,2
DA:164,1
DA:171,2
DA:172,2
DA:174,0
DA:182,2
DA:183,2
DA:184,2
DA:186,2
DA:187,1
DA:188,1
DA:191,1
DA:193,0
DA:197,2
LF:84
LH:70
BRDA:14,0,0,9
BRDA:14,0,1,3
BRDA:24,1,0,1
BRDA:24,1,1,2
BRDA:44,2,0,1
BRDA:44,2,1,3
BRDA:65,3,0,2
BRDA:65,3,1,6
BRDA:71,4,0,2
BRDA:71,4,1,4
BRDA:71,5,0,6
BRDA:71,5,1,6
BRDA:76,6,0,1
BRDA:76,6,1,3
BRDA:96,7,0,0
BRDA:96,7,1,2
BRDA:102,8,0,0
BRDA:102,8,1,2
BRDA:102,9,0,2
BRDA:102,9,1,2
BRDA:106,10,0,0
BRDA:106,10,1,2
BRDA:111,11,0,1
BRDA:111,11,1,1
BRDA:117,12,0,0
BRDA:117,12,1,1
BRDA:139,13,0,0
BRDA:139,13,1,3
BRDA:145,14,0,0
BRDA:145,14,1,3
BRDA:145,15,0,3
BRDA:145,15,1,3
BRDA:149,16,0,1
BRDA:149,16,1,2
BRDA:155,17,0,0
BRDA:155,17,1,2
BRDA:163,18,0,1
BRDA:163,18,1,1
BRDA:163,19,0,2
BRDA:163,19,1,2
BRDA:186,20,0,1
BRDA:186,20,1,1
BRF:42
BRH:35
end_of_record
TN:
SF:src\middleware\authenticate.js
FN:11,(anonymous_0)
FNF:1
FNH:1
FNDA:12,(anonymous_0)
DA:1,2
DA:2,2
DA:11,2
DA:12,12
DA:13,12
DA:15,12
DA:16,2
DA:19,10
DA:20,10
DA:21,7
DA:22,7
DA:24,3
DA:25,1
DA:27,2
DA:31,2
LF:15
LH:15
BRDA:12,0,0,12
BRDA:12,0,1,2
BRDA:15,1,0,2
BRDA:15,1,1,10
BRDA:15,2,0,12
BRDA:15,2,1,10
BRDA:24,3,0,1
BRDA:24,3,1,2
BRF:8
BRH:8
end_of_record
TN:
SF:src\middleware\authorize.js
FN:10,(anonymous_0)
FN:10,(anonymous_1)
FNF:2
FNH:2
FNDA:3,(anonymous_0)
FNDA:3,(anonymous_1)
DA:1,1
DA:10,3
DA:11,3
DA:12,1
DA:14,2
DA:15,1
DA:17,1
DA:20,1
LF:8
LH:8
BRDA:11,0,0,1
BRDA:11,0,1,2
BRDA:14,1,0,1
BRDA:14,1,1,1
BRF:4
BRH:4
end_of_record
TN:
SF:src\middleware\errorHandler.js
FN:11,(anonymous_0)
FNF:1
FNH:0
FNDA:0,(anonymous_0)
DA:1,1
DA:2,1
DA:11,1
DA:12,0
DA:14,0
DA:23,0
DA:26,0
DA:27,0
DA:31,0
DA:33,0
DA:36,1
LF:11
LH:4
BRDA:12,0,0,0
BRDA:12,0,1,0
BRDA:23,1,0,0
BRDA:23,1,1,0
BRDA:23,1,2,0
BRDA:27,2,0,0
BRDA:27,2,1,0
BRDA:27,3,0,0
BRDA:27,3,1,0
BRDA:29,4,0,0
BRDA:29,4,1,0
BRDA:31,5,0,0
BRDA:31,5,1,0
BRF:13
BRH:0
end_of_record
TN:
SF:src\middleware\rateLimiter.js
FN:11,(anonymous_0)
FN:37,(anonymous_1)
FN:53,(anonymous_2)
FN:58,(anonymous_3)
FN:65,(anonymous_4)
FN:78,(anonymous_5)
FN:92,(anonymous_6)
FNF:7
FNH:5
FNDA:23,(anonymous_0)
FNDA:7,(anonymous_1)
FNDA:0,(anonymous_2)
FNDA:0,(anonymous_3)
FNDA:1,(anonymous_4)
FNDA:1,(anonymous_5)
FNDA:2,(anonymous_6)
DA:1,2
DA:2,2
DA:3,2
DA:4,2
DA:11,23
DA:13,2
DA:37,2
DA:38,7
DA:40,7
DA:42,7
DA:43,7
DA:46,0
DA:47,0
DA:53,0
DA:58,0
DA:59,0
DA:65,2
DA:66,1
DA:67,1
DA:78,2
DA:79,1
DA:80,1
DA:92,2
DA:93,2
DA:94,2
DA:101,2
LF:26
LH:21
BRDA:11,0,0,9
BRDA:11,0,1,14
BRDA:42,1,0,7
BRDA:42,1,1,0
BRDA:59,2,0,0
BRDA:59,2,1,0
BRF:6
BRH:3
end_of_record
TN:
SF:src\middleware\requestId.js
FN:8,(anonymous_0)
FNF:1
FNH:1
FNDA:10,(anonymous_0)
DA:1,1
DA:8,1
DA:9,10
DA:10,10
DA:11,10
DA:14,1
LF:6
LH:6
BRDA:9,0,0,10
BRDA:9,0,1,10
BRF:2
BRH:2
end_of_record
TN:
SF:src\middleware\requestLogger.js
FN:7,(anonymous_0)
FN:12,(anonymous_1)
FNF:2
FNH:2
FNDA:10,(anonymous_0)
FNDA:10,(anonymous_1)
DA:1,1
DA:7,1
DA:8,10
DA:11,10
DA:12,10
DA:13,10
DA:14,10
DA:25,10
DA:26,1
DA:27,9
DA:28,5
DA:30,4
DA:33,10
DA:36,10
DA:39,1
LF:15
LH:15
BRDA:25,0,0,1
BRDA:25,0,1,9
BRDA:27,1,0,5
BRDA:27,1,1,4
BRF:4
BRH:4
end_of_record
TN:
SF:src\middleware\validate.js
FN:11,(anonymous_0)
FN:12,(anonymous_1)
FN:16,(anonymous_2)
FNF:3
FNH:3
FNDA:5,(anonymous_0)
FNDA:2,(anonymous_1)
FNDA:1,(anonymous_2)
DA:1,1
DA:11,1
DA:12,5
DA:13,2
DA:15,2
DA:16,1
DA:21,1
DA:25,1
DA:26,1
DA:30,1
LF:10
LH:10
BRDA:15,0,0,1
BRDA:15,0,1,1
BRF:2
BRH:2
end_of_record
TN:
SF:src\models\task.model.js
FN:32,(anonymous_0)
FN:60,(anonymous_1)
FN:83,(anonymous_2)
FN:103,(anonymous_3)
FN:120,(anonymous_4)
FN:137,(anonymous_5)
FN:154,(anonymous_6)
FN:171,(anonymous_7)
FN:195,(anonymous_8)
FNF:9
FNH:1
FNDA:1,(anonymous_0)
FNDA:0,(anonymous_1)
FNDA:0,(anonymous_2)
FNDA:0,(anonymous_3)
FNDA:0,(anonymous_4)
FNDA:0,(anonymous_5)
FNDA:0,(anonymous_6)
FNDA:0,(anonymous_7)
FNDA:0,(anonymous_8)
DA:1,4
DA:2,4
DA:8,4
DA:10,4
DA:32,1
DA:40,4
DA:60,0
DA:68,4
DA:74,4
DA:75,4
DA:83,4
DA:84,0
DA:85,0
DA:90,0
DA:91,0
DA:94,0
DA:95,0
DA:103,4
DA:104,0
DA:105,0
DA:111,0
DA:120,4
DA:121,0
DA:122,0
DA:128,0
DA:137,4
DA:138,0
DA:139,0
DA:146,0
DA:154,4
DA:155,0
DA:156,0
DA:163,0
DA:171,4
DA:172,0
DA:173,0
DA:186,0
DA:195,4
DA:196,0
DA:197,0
DA:202,0
DA:203,0
DA:206,0
DA:207,0
DA:210,4
LF:45
LH:17
BRDA:90,0,0,0
BRDA:90,0,1,0
BRDA:90,1,0,0
BRDA:90,1,1,0
BRDA:178,2,0,0
BRDA:178,2,1,0
BRDA:180,3,0,0
BRDA:180,3,1,0
BRDA:181,4,0,0
BRDA:181,4,1,0
BRDA:202,5,0,0
BRDA:202,5,1,0
BRDA:202,6,0,0
BRDA:202,6,1,0
BRF:14
BRH:0
end_of_record
TN:
SF:src\models\user.model.js
FN:25,(anonymous_0)
FN:50,(anonymous_1)
FN:61,(anonymous_2)
FN:72,(anonymous_3)
FN:87,(anonymous_4)
FN:98,(anonymous_5)
FN:109,(anonymous_6)
FN:121,(anonymous_7)
FNF:8
FNH:0
FNDA:0,(anonymous_0)
FNDA:0,(anonymous_1)
FNDA:0,(anonymous_2)
FNDA:0,(anonymous_3)
FNDA:0,(anonymous_4)
FNDA:0,(anonymous_5)
FNDA:0,(anonymous_6)
FNDA:0,(anonymous_7)
DA:1,2
DA:2,2
DA:8,2
DA:10,2
DA:25,0
DA:30,2
DA:39,2
DA:47,2
DA:48,2
DA:50,2
DA:51,0
DA:52,0
DA:58,0
DA:61,2
DA:62,0
DA:63,0
DA:69,0
DA:72,2
DA:73,0
DA:74,0
DA:80,0
DA:87,2
DA:88,0
DA:89,0
DA:95,0
DA:98,2
DA:99,0
DA:100,0
DA:106,0
DA:109,2
DA:110,0
DA:111,0
DA:118,0
DA:121,2
DA:122,0
DA:123,0
DA:128,0
DA:131,2
LF:38
LH:16
BRDA:72,0,0,0
BRF:1
BRH:0
end_of_record
TN:
SF:src\routes\auth.routes.js
FNF:0
FNH:0
DA:1,1
DA:2,1
DA:3,1
DA:4,1
DA:5,1
DA:6,1
DA:8,1
DA:11,1
DA:13,1
DA:14,1
DA:15,1
DA:16,1
DA:17,1
DA:19,1
LF:14
LH:14
BRF:0
BRH:0
end_of_record
TN:
SF:src\routes\health.routes.js
FNF:0
FNH:0
DA:1,1
DA:2,1
DA:4,1
DA:6,1
DA:8,1
LF:5
LH:5
BRF:0
BRH:0
end_of_record
TN:
SF:src\routes\index.js
FNF:0
FNH:0
DA:1,1
DA:2,1
DA:3,1
DA:4,1
DA:5,1
DA:7,1
DA:10,1
DA:11,1
DA:12,1
DA:15,1
DA:17,1
LF:11
LH:11
BRF:0
BRH:0
end_of_record
TN:
SF:src\routes\report.routes.js
FNF:0
FNH:0
DA:1,1
DA:2,1
DA:3,1
DA:4,1
DA:6,1
DA:10,1
DA:11,1
DA:14,1
DA:16,1
DA:18,1
LF:10
LH:10
BRF:0
BRH:0
end_of_record
TN:
SF:src\routes\task.routes.js
FNF:0
FNH:0
DA:1,1
DA:2,1
DA:3,1
DA:4,1
DA:5,1
DA:6,1
DA:8,1
DA:12,1
DA:13,1
DA:15,1
DA:16,1
DA:18,1
DA:19,1
DA:20,1
DA:21,1
DA:23,1
LF:16
LH:16
BRF:0
BRH:0
end_of_record
TN:
SF:src\services\email.service.js
FN:14,(anonymous_0)
FN:28,(anonymous_1)
FN:42,(anonymous_2)
FNF:3
FNH:0
FNDA:0,(anonymous_0)
FNDA:0,(anonymous_1)
FNDA:0,(anonymous_2)
DA:1,1
DA:2,1
DA:3,1
DA:5,1
DA:14,1
DA:15,0
DA:16,0
DA:17,0
DA:21,0
DA:28,1
DA:29,0
DA:30,0
DA:37,0
DA:38,0
DA:42,1
DA:43,0
DA:46,1
LF:17
LH:8
BRDA:15,0,0,0
BRDA:15,0,1,0
BRDA:17,1,0,0
BRDA:17,1,1,0
BRF:4
BRH:0
end_of_record
TN:
SF:src\services\report.service.js
FN:7,(anonymous_0)
FN:7,(anonymous_1)
FN:18,(anonymous_2)
FN:50,(anonymous_3)
FN:66,(anonymous_4)
FN:75,(anonymous_5)
FN:82,(anonymous_6)
FN:102,(anonymous_7)
FNF:8
FNH:6
FNDA:0,(anonymous_0)
FNDA:0,(anonymous_1)
FNDA:6,(anonymous_2)
FNDA:3,(anonymous_3)
FNDA:4,(anonymous_4)
FNDA:3,(anonymous_5)
FNDA:1,(anonymous_6)
FNDA:3,(anonymous_7)
DA:1,1
DA:2,1
DA:3,1
DA:4,1
DA:5,1
DA:7,1
DA:18,1
DA:19,6
DA:20,6
DA:22,1
DA:25,5
DA:26,5
DA:28,5
DA:29,5
DA:30,5
DA:31,4
DA:32,4
DA:33,1
DA:37,5
DA:38,5
DA:40,5
DA:50,1
DA:51,3
DA:52,3
DA:66,4
DA:75,1
DA:76,3
DA:77,3
DA:78,3
DA:82,1
DA:83,1
DA:84,1
DA:102,1
DA:103,3
DA:104,3
DA:105,3
DA:107,3
DA:112,3
DA:113,0
DA:117,3
DA:118,0
DA:121,3
DA:122,3
DA:125,3
DA:126,3
DA:127,3
DA:128,2
DA:129,2
DA:136,1
DA:137,1
DA:140,1
DA:147,2
DA:148,2
DA:151,1
LF:54
LH:52
BRDA:20,0,0,1
BRDA:20,0,1,5
BRDA:25,1,0,5
BRDA:25,1,1,0
BRDA:31,2,0,4
BRDA:31,2,1,0
BRDA:32,3,0,1
BRDA:32,3,1,3
BRDA:32,4,0,4
BRDA:32,4,1,3
BRDA:32,4,2,2
BRDA:38,5,0,1
BRDA:38,5,1,4
BRDA:41,6,0,1
BRDA:41,6,1,4
BRDA:112,7,0,0
BRDA:112,7,1,3
BRDA:117,8,0,0
BRDA:117,8,1,3
BRDA:117,9,0,3
BRDA:117,9,1,0
BRDA:125,10,0,3
BRDA:125,10,1,0
BRDA:127,11,0,2
BRDA:127,11,1,1
BRF:25
BRH:19
end_of_record
TN:
SF:src\utils\jwt.js
FN:10,(anonymous_0)
FN:25,(anonymous_1)
FN:39,(anonymous_2)
FN:49,(anonymous_3)
FN:61,(anonymous_4)
FNF:5
FNH:5
FNDA:4,(anonymous_0)
FNDA:2,(anonymous_1)
FNDA:13,(anonymous_2)
FNDA:1,(anonymous_3)
FNDA:3,(anonymous_4)
DA:1,4
DA:2,4
DA:3,4
DA:10,4
DA:11,4
DA:12,4
DA:25,4
DA:26,2
DA:27,2
DA:39,4
DA:40,13
DA:41,13
DA:49,4
DA:50,1
DA:51,1
DA:61,4
DA:63,4
LF:17
LH:17
BRF:0
BRH:0
end_of_record
TN:
SF:src\utils\logger.js
FN:18,(anonymous_0)
FNF:1
FNH:0
FNDA:0,(anonymous_0)
DA:1,8
DA:9,8
DA:19,0
DA:20,0
DA:21,0
DA:30,8
LF:6
LH:3
BRDA:10,0,0,8
BRDA:10,0,1,0
BRDA:14,1,0,0
BRDA:14,1,1,8
BRDA:19,2,0,0
BRDA:19,2,1,0
BRDA:20,3,0,0
BRDA:20,3,1,0
BRF:8
BRH:2
end_of_record
TN:
SF:src\utils\password.js
FN:9,(anonymous_0)
FN:20,(anonymous_1)
FNF:2
FNH:2
FNDA:3,(anonymous_0)
FNDA:2,(anonymous_1)
DA:1,3
DA:2,3
DA:9,3
DA:10,3
DA:11,3
DA:20,3
DA:21,2
DA:24,3
LF:8
LH:8
BRF:0
BRH:0
end_of_record
TN:
SF:src\utils\responseHelper.js
FN:14,(anonymous_0)
FN:28,(anonymous_1)
FNF:2
FNH:2
FNDA:24,(anonymous_0)
FNDA:26,(anonymous_1)
DA:14,5
DA:15,24
DA:28,5
DA:29,26
DA:36,5
LF:5
LH:5
BRDA:14,0,0,17
BRDA:28,1,0,0
BRDA:28,2,0,0
BRF:3
BRH:1
end_of_record
